
**** Build of configuration Nios II for project demo_board_NiosIIf ****

make all 
Info: Building ../demo_board_NiosIIf_bsp/
make --no-print-directory -C ../demo_board_NiosIIf_bsp/
[BSP build complete]
Info: Compiling cdjpeg.c to obj/default/cdjpeg.o
nios2-elf-gcc -xc -MP -MMD -c -I../demo_board_NiosIIf_bsp//HAL/inc -I../demo_board_NiosIIf_bsp/ -I../demo_board_NiosIIf_bsp//drivers/inc  -DSYSTEM_BUS_WIDTH=32 -pipe -D__hal__ -DALT_NO_INSTRUCTION_EMULATION -DALT_SINGLE_THREADED -DRO_ZIPFS    -O3 -g -Wall   -EL -mno-hw-div -mhw-mul -mno-hw-mulx  -o obj/default/cdjpeg.o cdjpeg.c
Info: Compiling djpeg.c to obj/default/djpeg.o
nios2-elf-gcc -xc -MP -MMD -c -I../demo_board_NiosIIf_bsp//HAL/inc -I../demo_board_NiosIIf_bsp/ -I../demo_board_NiosIIf_bsp//drivers/inc  -DSYSTEM_BUS_WIDTH=32 -pipe -D__hal__ -DALT_NO_INSTRUCTION_EMULATION -DALT_SINGLE_THREADED -DRO_ZIPFS    -O3 -g -Wall   -EL -mno-hw-div -mhw-mul -mno-hw-mulx  -o obj/default/djpeg.o djpeg.c
djpeg.c: In function 'main':
djpeg.c:592: warning: 'output_file' is used uninitialized in this function
Info: Compiling jcapimin.c to obj/default/jcapimin.o
nios2-elf-gcc -xc -MP -MMD -c -I../demo_board_NiosIIf_bsp//HAL/inc -I../demo_board_NiosIIf_bsp/ -I../demo_board_NiosIIf_bsp//drivers/inc  -DSYSTEM_BUS_WIDTH=32 -pipe -D__hal__ -DALT_NO_INSTRUCTION_EMULATION -DALT_SINGLE_THREADED -DRO_ZIPFS    -O3 -g -Wall   -EL -mno-hw-div -mhw-mul -mno-hw-mulx  -o obj/default/jcapimin.o jcapimin.c
Info: Compiling jcapistd.c to obj/default/jcapistd.o
nios2-elf-gcc -xc -MP -MMD -c -I../demo_board_NiosIIf_bsp//HAL/inc -I../demo_board_NiosIIf_bsp/ -I../demo_board_NiosIIf_bsp//drivers/inc  -DSYSTEM_BUS_WIDTH=32 -pipe -D__hal__ -DALT_NO_INSTRUCTION_EMULATION -DALT_SINGLE_THREADED -DRO_ZIPFS    -O3 -g -Wall   -EL -mno-hw-div -mhw-mul -mno-hw-mulx  -o obj/default/jcapistd.o jcapistd.c
Info: Compiling jccoefct.c to obj/default/jccoefct.o
nios2-elf-gcc -xc -MP -MMD -c -I../demo_board_NiosIIf_bsp//HAL/inc -I../demo_board_NiosIIf_bsp/ -I../demo_board_NiosIIf_bsp//drivers/inc  -DSYSTEM_BUS_WIDTH=32 -pipe -D__hal__ -DALT_NO_INSTRUCTION_EMULATION -DALT_SINGLE_THREADED -DRO_ZIPFS    -O3 -g -Wall   -EL -mno-hw-div -mhw-mul -mno-hw-mulx  -o obj/default/jccoefct.o jccoefct.c
Info: Compiling jccolor.c to obj/default/jccolor.o
nios2-elf-gcc -xc -MP -MMD -c -I../demo_board_NiosIIf_bsp//HAL/inc -I../demo_board_NiosIIf_bsp/ -I../demo_board_NiosIIf_bsp//drivers/inc  -DSYSTEM_BUS_WIDTH=32 -pipe -D__hal__ -DALT_NO_INSTRUCTION_EMULATION -DALT_SINGLE_THREADED -DRO_ZIPFS    -O3 -g -Wall   -EL -mno-hw-div -mhw-mul -mno-hw-mulx  -o obj/default/jccolor.o jccolor.c
Info: Compiling jcdctmgr.c to obj/default/jcdctmgr.o
nios2-elf-gcc -xc -MP -MMD -c -I../demo_board_NiosIIf_bsp//HAL/inc -I../demo_board_NiosIIf_bsp/ -I../demo_board_NiosIIf_bsp//drivers/inc  -DSYSTEM_BUS_WIDTH=32 -pipe -D__hal__ -DALT_NO_INSTRUCTION_EMULATION -DALT_SINGLE_THREADED -DRO_ZIPFS    -O3 -g -Wall   -EL -mno-hw-div -mhw-mul -mno-hw-mulx  -o obj/default/jcdctmgr.o jcdctmgr.c
Info: Compiling jchuff.c to obj/default/jchuff.o
nios2-elf-gcc -xc -MP -MMD -c -I../demo_board_NiosIIf_bsp//HAL/inc -I../demo_board_NiosIIf_bsp/ -I../demo_board_NiosIIf_bsp//drivers/inc  -DSYSTEM_BUS_WIDTH=32 -pipe -D__hal__ -DALT_NO_INSTRUCTION_EMULATION -DALT_SINGLE_THREADED -DRO_ZIPFS    -O3 -g -Wall   -EL -mno-hw-div -mhw-mul -mno-hw-mulx  -o obj/default/jchuff.o jchuff.c
Info: Compiling jcinit.c to obj/default/jcinit.o
nios2-elf-gcc -xc -MP -MMD -c -I../demo_board_NiosIIf_bsp//HAL/inc -I../demo_board_NiosIIf_bsp/ -I../demo_board_NiosIIf_bsp//drivers/inc  -DSYSTEM_BUS_WIDTH=32 -pipe -D__hal__ -DALT_NO_INSTRUCTION_EMULATION -DALT_SINGLE_THREADED -DRO_ZIPFS    -O3 -g -Wall   -EL -mno-hw-div -mhw-mul -mno-hw-mulx  -o obj/default/jcinit.o jcinit.c
Info: Compiling jcmainct.c to obj/default/jcmainct.o
nios2-elf-gcc -xc -MP -MMD -c -I../demo_board_NiosIIf_bsp//HAL/inc -I../demo_board_NiosIIf_bsp/ -I../demo_board_NiosIIf_bsp//drivers/inc  -DSYSTEM_BUS_WIDTH=32 -pipe -D__hal__ -DALT_NO_INSTRUCTION_EMULATION -DALT_SINGLE_THREADED -DRO_ZIPFS    -O3 -g -Wall   -EL -mno-hw-div -mhw-mul -mno-hw-mulx  -o obj/default/jcmainct.o jcmainct.c
jcmainct.c: In function 'start_pass_main':
Info: Compiling jcmarker.c to obj/default/jcmarker.o
jcmainct.c:71: warning: 'main' is usually a function
nios2-elf-gcc -xc -MP -MMD -c -I../demo_board_NiosIIf_bsp//HAL/inc -I../demo_board_NiosIIf_bsp/ -I../demo_board_NiosIIf_bsp//drivers/inc  -DSYSTEM_BUS_WIDTH=32 -pipe -D__hal__ -DALT_NO_INSTRUCTION_EMULATION -DALT_SINGLE_THREADED -DRO_ZIPFS    -O3 -g -Wall   -EL -mno-hw-div -mhw-mul -mno-hw-mulx  -o obj/default/jcmarker.o jcmarker.c
jcmainct.c: In function 'process_data_simple_main':
jcmainct.c:117: warning: 'main' is usually a function
jcmainct.c: In function 'jinit_c_main_controller':
jcmainct.c:247: warning: 'main' is usually a function
Info: Compiling jcmaster.c to obj/default/jcmaster.o
nios2-elf-gcc -xc -MP -MMD -c -I../demo_board_NiosIIf_bsp//HAL/inc -I../demo_board_NiosIIf_bsp/ -I../demo_board_NiosIIf_bsp//drivers/inc  -DSYSTEM_BUS_WIDTH=32 -pipe -D__hal__ -DALT_NO_INSTRUCTION_EMULATION -DALT_SINGLE_THREADED -DRO_ZIPFS    -O3 -g -Wall   -EL -mno-hw-div -mhw-mul -mno-hw-mulx  -o obj/default/jcmaster.o jcmaster.c
Info: Compiling jcomapi.c to obj/default/jcomapi.o
nios2-elf-gcc -xc -MP -MMD -c -I../demo_board_NiosIIf_bsp//HAL/inc -I../demo_board_NiosIIf_bsp/ -I../demo_board_NiosIIf_bsp//drivers/inc  -DSYSTEM_BUS_WIDTH=32 -pipe -D__hal__ -DALT_NO_INSTRUCTION_EMULATION -DALT_SINGLE_THREADED -DRO_ZIPFS    -O3 -g -Wall   -EL -mno-hw-div -mhw-mul -mno-hw-mulx  -o obj/default/jcomapi.o jcomapi.c
Info: Compiling jcparam.c to obj/default/jcparam.o
nios2-elf-gcc -xc -MP -MMD -c -I../demo_board_NiosIIf_bsp//HAL/inc -I../demo_board_NiosIIf_bsp/ -I../demo_board_NiosIIf_bsp//drivers/inc  -DSYSTEM_BUS_WIDTH=32 -pipe -D__hal__ -DALT_NO_INSTRUCTION_EMULATION -DALT_SINGLE_THREADED -DRO_ZIPFS    -O3 -g -Wall   -EL -mno-hw-div -mhw-mul -mno-hw-mulx  -o obj/default/jcparam.o jcparam.c
Info: Compiling jcphuff.c to obj/default/jcphuff.o
nios2-elf-gcc -xc -MP -MMD -c -I../demo_board_NiosIIf_bsp//HAL/inc -I../demo_board_NiosIIf_bsp/ -I../demo_board_NiosIIf_bsp//drivers/inc  -DSYSTEM_BUS_WIDTH=32 -pipe -D__hal__ -DALT_NO_INSTRUCTION_EMULATION -DALT_SINGLE_THREADED -DRO_ZIPFS    -O3 -g -Wall   -EL -mno-hw-div -mhw-mul -mno-hw-mulx  -o obj/default/jcphuff.o jcphuff.c
Info: Compiling jcprepct.c to obj/default/jcprepct.o
nios2-elf-gcc -xc -MP -MMD -c -I../demo_board_NiosIIf_bsp//HAL/inc -I../demo_board_NiosIIf_bsp/ -I../demo_board_NiosIIf_bsp//drivers/inc  -DSYSTEM_BUS_WIDTH=32 -pipe -D__hal__ -DALT_NO_INSTRUCTION_EMULATION -DALT_SINGLE_THREADED -DRO_ZIPFS    -O3 -g -Wall   -EL -mno-hw-div -mhw-mul -mno-hw-mulx  -o obj/default/jcprepct.o jcprepct.c
Info: Compiling jcsample.c to obj/default/jcsample.o
nios2-elf-gcc -xc -MP -MMD -c -I../demo_board_NiosIIf_bsp//HAL/inc -I../demo_board_NiosIIf_bsp/ -I../demo_board_NiosIIf_bsp//drivers/inc  -DSYSTEM_BUS_WIDTH=32 -pipe -D__hal__ -DALT_NO_INSTRUCTION_EMULATION -DALT_SINGLE_THREADED -DRO_ZIPFS    -O3 -g -Wall   -EL -mno-hw-div -mhw-mul -mno-hw-mulx  -o obj/default/jcsample.o jcsample.c
Info: Compiling jctrans.c to obj/default/jctrans.o
nios2-elf-gcc -xc -MP -MMD -c -I../demo_board_NiosIIf_bsp//HAL/inc -I../demo_board_NiosIIf_bsp/ -I../demo_board_NiosIIf_bsp//drivers/inc  -DSYSTEM_BUS_WIDTH=32 -pipe -D__hal__ -DALT_NO_INSTRUCTION_EMULATION -DALT_SINGLE_THREADED -DRO_ZIPFS    -O3 -g -Wall   -EL -mno-hw-div -mhw-mul -mno-hw-mulx  -o obj/default/jctrans.o jctrans.c
Info: Compiling jdapimin.c to obj/default/jdapimin.o
nios2-elf-gcc -xc -MP -MMD -c -I../demo_board_NiosIIf_bsp//HAL/inc -I../demo_board_NiosIIf_bsp/ -I../demo_board_NiosIIf_bsp//drivers/inc  -DSYSTEM_BUS_WIDTH=32 -pipe -D__hal__ -DALT_NO_INSTRUCTION_EMULATION -DALT_SINGLE_THREADED -DRO_ZIPFS    -O3 -g -Wall   -EL -mno-hw-div -mhw-mul -mno-hw-mulx  -o obj/default/jdapimin.o jdapimin.c
Info: Compiling jdapistd.c to obj/default/jdapistd.o
nios2-elf-gcc -xc -MP -MMD -c -I../demo_board_NiosIIf_bsp//HAL/inc -I../demo_board_NiosIIf_bsp/ -I../demo_board_NiosIIf_bsp//drivers/inc  -DSYSTEM_BUS_WIDTH=32 -pipe -D__hal__ -DALT_NO_INSTRUCTION_EMULATION -DALT_SINGLE_THREADED -DRO_ZIPFS    -O3 -g -Wall   -EL -mno-hw-div -mhw-mul -mno-hw-mulx  -o obj/default/jdapistd.o jdapistd.c
Info: Compiling jdatadst.c to obj/default/jdatadst.o
nios2-elf-gcc -xc -MP -MMD -c -I../demo_board_NiosIIf_bsp//HAL/inc -I../demo_board_NiosIIf_bsp/ -I../demo_board_NiosIIf_bsp//drivers/inc  -DSYSTEM_BUS_WIDTH=32 -pipe -D__hal__ -DALT_NO_INSTRUCTION_EMULATION -DALT_SINGLE_THREADED -DRO_ZIPFS    -O3 -g -Wall   -EL -mno-hw-div -mhw-mul -mno-hw-mulx  -o obj/default/jdatadst.o jdatadst.c
Info: Compiling jdatasrc.c to obj/default/jdatasrc.o
nios2-elf-gcc -xc -MP -MMD -c -I../demo_board_NiosIIf_bsp//HAL/inc -I../demo_board_NiosIIf_bsp/ -I../demo_board_NiosIIf_bsp//drivers/inc  -DSYSTEM_BUS_WIDTH=32 -pipe -D__hal__ -DALT_NO_INSTRUCTION_EMULATION -DALT_SINGLE_THREADED -DRO_ZIPFS    -O3 -g -Wall   -EL -mno-hw-div -mhw-mul -mno-hw-mulx  -o obj/default/jdatasrc.o jdatasrc.c
Info: Compiling jdcoefct.c to obj/default/jdcoefct.o
nios2-elf-gcc -xc -MP -MMD -c -I../demo_board_NiosIIf_bsp//HAL/inc -I../demo_board_NiosIIf_bsp/ -I../demo_board_NiosIIf_bsp//drivers/inc  -DSYSTEM_BUS_WIDTH=32 -pipe -D__hal__ -DALT_NO_INSTRUCTION_EMULATION -DALT_SINGLE_THREADED -DRO_ZIPFS    -O3 -g -Wall   -EL -mno-hw-div -mhw-mul -mno-hw-mulx  -o obj/default/jdcoefct.o jdcoefct.c
Info: Compiling jdcolor.c to obj/default/jdcolor.o
nios2-elf-gcc -xc -MP -MMD -c -I../demo_board_NiosIIf_bsp//HAL/inc -I../demo_board_NiosIIf_bsp/ -I../demo_board_NiosIIf_bsp//drivers/inc  -DSYSTEM_BUS_WIDTH=32 -pipe -D__hal__ -DALT_NO_INSTRUCTION_EMULATION -DALT_SINGLE_THREADED -DRO_ZIPFS    -O3 -g -Wall   -EL -mno-hw-div -mhw-mul -mno-hw-mulx  -o obj/default/jdcolor.o jdcolor.c
jdcolor.c: In function 'ycc_rgb_convert':
jdcolor.c:140: warning: unused variable 'Cbgtab'
Info: Compiling jddctmgr.c to obj/default/jddctmgr.o
jdcolor.c:139: warning: unused variable 'Crgtab'
nios2-elf-gcc -xc -MP -MMD -c -I../demo_board_NiosIIf_bsp//HAL/inc -I../demo_board_NiosIIf_bsp/ -I../demo_board_NiosIIf_bsp//drivers/inc  -DSYSTEM_BUS_WIDTH=32 -pipe -D__hal__ -DALT_NO_INSTRUCTION_EMULATION -DALT_SINGLE_THREADED -DRO_ZIPFS    -O3 -g -Wall   -EL -mno-hw-div -mhw-mul -mno-hw-mulx  -o obj/default/jddctmgr.o jddctmgr.c
jdcolor.c:138: warning: unused variable 'Cbbtab'
jdcolor.c:137: warning: unused variable 'Crrtab'
Info: Compiling jdhuff.c to obj/default/jdhuff.o
nios2-elf-gcc -xc -MP -MMD -c -I../demo_board_NiosIIf_bsp//HAL/inc -I../demo_board_NiosIIf_bsp/ -I../demo_board_NiosIIf_bsp//drivers/inc  -DSYSTEM_BUS_WIDTH=32 -pipe -D__hal__ -DALT_NO_INSTRUCTION_EMULATION -DALT_SINGLE_THREADED -DRO_ZIPFS    -O3 -g -Wall   -EL -mno-hw-div -mhw-mul -mno-hw-mulx  -o obj/default/jdhuff.o jdhuff.c
Info: Compiling jdinput.c to obj/default/jdinput.o
nios2-elf-gcc -xc -MP -MMD -c -I../demo_board_NiosIIf_bsp//HAL/inc -I../demo_board_NiosIIf_bsp/ -I../demo_board_NiosIIf_bsp//drivers/inc  -DSYSTEM_BUS_WIDTH=32 -pipe -D__hal__ -DALT_NO_INSTRUCTION_EMULATION -DALT_SINGLE_THREADED -DRO_ZIPFS    -O3 -g -Wall   -EL -mno-hw-div -mhw-mul -mno-hw-mulx  -o obj/default/jdinput.o jdinput.c
Info: Compiling jdmainct.c to obj/default/jdmainct.o
nios2-elf-gcc -xc -MP -MMD -c -I../demo_board_NiosIIf_bsp//HAL/inc -I../demo_board_NiosIIf_bsp/ -I../demo_board_NiosIIf_bsp//drivers/inc  -DSYSTEM_BUS_WIDTH=32 -pipe -D__hal__ -DALT_NO_INSTRUCTION_EMULATION -DALT_SINGLE_THREADED -DRO_ZIPFS    -O3 -g -Wall   -EL -mno-hw-div -mhw-mul -mno-hw-mulx  -o obj/default/jdmainct.o jdmainct.c
jdmainct.c: In function 'alloc_funny_pointers':
jdmainct.c:162: warning: 'main' is usually a function
jdmainct.c: In function 'make_funny_pointers':
jdmainct.c:203: warning: 'main' is usually a function
jdmainct.c: In function 'set_wraparound_pointers':
jdmainct.c:243: warning: 'main' is usually a function
jdmainct.c: In function 'set_bottom_pointers':
jdmainct.c:272: warning: 'main' is usually a function
jdmainct.c: In function 'start_pass_main':
jdmainct.c:309: warning: 'main' is usually a function
jdmainct.c: In function 'process_data_simple_main':
jdmainct.c:349: warning: 'main' is usually a function
jdmainct.c: In function 'process_data_context_main':
jdmainct.c:389: warning: 'main' is usually a function
jdmainct.c: In function 'jinit_d_main_controller':
jdmainct.c:478: warning: 'main' is usually a function
Info: Compiling jdmarker.c to obj/default/jdmarker.o
nios2-elf-gcc -xc -MP -MMD -c -I../demo_board_NiosIIf_bsp//HAL/inc -I../demo_board_NiosIIf_bsp/ -I../demo_board_NiosIIf_bsp//drivers/inc  -DSYSTEM_BUS_WIDTH=32 -pipe -D__hal__ -DALT_NO_INSTRUCTION_EMULATION -DALT_SINGLE_THREADED -DRO_ZIPFS    -O3 -g -Wall   -EL -mno-hw-div -mhw-mul -mno-hw-mulx  -o obj/default/jdmarker.o jdmarker.c
Info: Compiling jdmaster.c to obj/default/jdmaster.o
nios2-elf-gcc -xc -MP -MMD -c -I../demo_board_NiosIIf_bsp//HAL/inc -I../demo_board_NiosIIf_bsp/ -I../demo_board_NiosIIf_bsp//drivers/inc  -DSYSTEM_BUS_WIDTH=32 -pipe -D__hal__ -DALT_NO_INSTRUCTION_EMULATION -DALT_SINGLE_THREADED -DRO_ZIPFS    -O3 -g -Wall   -EL -mno-hw-div -mhw-mul -mno-hw-mulx  -o obj/default/jdmaster.o jdmaster.c
Info: Compiling jdmerge.c to obj/default/jdmerge.o
nios2-elf-gcc -xc -MP -MMD -c -I../demo_board_NiosIIf_bsp//HAL/inc -I../demo_board_NiosIIf_bsp/ -I../demo_board_NiosIIf_bsp//drivers/inc  -DSYSTEM_BUS_WIDTH=32 -pipe -D__hal__ -DALT_NO_INSTRUCTION_EMULATION -DALT_SINGLE_THREADED -DRO_ZIPFS    -O3 -g -Wall   -EL -mno-hw-div -mhw-mul -mno-hw-mulx  -o obj/default/jdmerge.o jdmerge.c
Info: Compiling jdphuff.c to obj/default/jdphuff.o
nios2-elf-gcc -xc -MP -MMD -c -I../demo_board_NiosIIf_bsp//HAL/inc -I../demo_board_NiosIIf_bsp/ -I../demo_board_NiosIIf_bsp//drivers/inc  -DSYSTEM_BUS_WIDTH=32 -pipe -D__hal__ -DALT_NO_INSTRUCTION_EMULATION -DALT_SINGLE_THREADED -DRO_ZIPFS    -O3 -g -Wall   -EL -mno-hw-div -mhw-mul -mno-hw-mulx  -o obj/default/jdphuff.o jdphuff.c
Info: Compiling jdpostct.c to obj/default/jdpostct.o
nios2-elf-gcc -xc -MP -MMD -c -I../demo_board_NiosIIf_bsp//HAL/inc -I../demo_board_NiosIIf_bsp/ -I../demo_board_NiosIIf_bsp//drivers/inc  -DSYSTEM_BUS_WIDTH=32 -pipe -D__hal__ -DALT_NO_INSTRUCTION_EMULATION -DALT_SINGLE_THREADED -DRO_ZIPFS    -O3 -g -Wall   -EL -mno-hw-div -mhw-mul -mno-hw-mulx  -o obj/default/jdpostct.o jdpostct.c
Info: Compiling jdsample.c to obj/default/jdsample.o
nios2-elf-gcc -xc -MP -MMD -c -I../demo_board_NiosIIf_bsp//HAL/inc -I../demo_board_NiosIIf_bsp/ -I../demo_board_NiosIIf_bsp//drivers/inc  -DSYSTEM_BUS_WIDTH=32 -pipe -D__hal__ -DALT_NO_INSTRUCTION_EMULATION -DALT_SINGLE_THREADED -DRO_ZIPFS    -O3 -g -Wall   -EL -mno-hw-div -mhw-mul -mno-hw-mulx  -o obj/default/jdsample.o jdsample.c
Info: Compiling jdtrans.c to obj/default/jdtrans.o
nios2-elf-gcc -xc -MP -MMD -c -I../demo_board_NiosIIf_bsp//HAL/inc -I../demo_board_NiosIIf_bsp/ -I../demo_board_NiosIIf_bsp//drivers/inc  -DSYSTEM_BUS_WIDTH=32 -pipe -D__hal__ -DALT_NO_INSTRUCTION_EMULATION -DALT_SINGLE_THREADED -DRO_ZIPFS    -O3 -g -Wall   -EL -mno-hw-div -mhw-mul -mno-hw-mulx  -o obj/default/jdtrans.o jdtrans.c
Info: Compiling jerror.c to obj/default/jerror.o
nios2-elf-gcc -xc -MP -MMD -c -I../demo_board_NiosIIf_bsp//HAL/inc -I../demo_board_NiosIIf_bsp/ -I../demo_board_NiosIIf_bsp//drivers/inc  -DSYSTEM_BUS_WIDTH=32 -pipe -D__hal__ -DALT_NO_INSTRUCTION_EMULATION -DALT_SINGLE_THREADED -DRO_ZIPFS    -O3 -g -Wall   -EL -mno-hw-div -mhw-mul -mno-hw-mulx  -o obj/default/jerror.o jerror.c
Info: Compiling jfdctflt.c to obj/default/jfdctflt.o
nios2-elf-gcc -xc -MP -MMD -c -I../demo_board_NiosIIf_bsp//HAL/inc -I../demo_board_NiosIIf_bsp/ -I../demo_board_NiosIIf_bsp//drivers/inc  -DSYSTEM_BUS_WIDTH=32 -pipe -D__hal__ -DALT_NO_INSTRUCTION_EMULATION -DALT_SINGLE_THREADED -DRO_ZIPFS    -O3 -g -Wall   -EL -mno-hw-div -mhw-mul -mno-hw-mulx  -o obj/default/jfdctflt.o jfdctflt.c
Info: Compiling jfdctfst.c to obj/default/jfdctfst.o
nios2-elf-gcc -xc -MP -MMD -c -I../demo_board_NiosIIf_bsp//HAL/inc -I../demo_board_NiosIIf_bsp/ -I../demo_board_NiosIIf_bsp//drivers/inc  -DSYSTEM_BUS_WIDTH=32 -pipe -D__hal__ -DALT_NO_INSTRUCTION_EMULATION -DALT_SINGLE_THREADED -DRO_ZIPFS    -O3 -g -Wall   -EL -mno-hw-div -mhw-mul -mno-hw-mulx  -o obj/default/jfdctfst.o jfdctfst.c
Info: Compiling jfdctint.c to obj/default/jfdctint.o
nios2-elf-gcc -xc -MP -MMD -c -I../demo_board_NiosIIf_bsp//HAL/inc -I../demo_board_NiosIIf_bsp/ -I../demo_board_NiosIIf_bsp//drivers/inc  -DSYSTEM_BUS_WIDTH=32 -pipe -D__hal__ -DALT_NO_INSTRUCTION_EMULATION -DALT_SINGLE_THREADED -DRO_ZIPFS    -O3 -g -Wall   -EL -mno-hw-div -mhw-mul -mno-hw-mulx  -o obj/default/jfdctint.o jfdctint.c
Info: Compiling jidctflt.c to obj/default/jidctflt.o
nios2-elf-gcc -xc -MP -MMD -c -I../demo_board_NiosIIf_bsp//HAL/inc -I../demo_board_NiosIIf_bsp/ -I../demo_board_NiosIIf_bsp//drivers/inc  -DSYSTEM_BUS_WIDTH=32 -pipe -D__hal__ -DALT_NO_INSTRUCTION_EMULATION -DALT_SINGLE_THREADED -DRO_ZIPFS    -O3 -g -Wall   -EL -mno-hw-div -mhw-mul -mno-hw-mulx  -o obj/default/jidctflt.o jidctflt.c
Info: Compiling jidctfst.c to obj/default/jidctfst.o
nios2-elf-gcc -xc -MP -MMD -c -I../demo_board_NiosIIf_bsp//HAL/inc -I../demo_board_NiosIIf_bsp/ -I../demo_board_NiosIIf_bsp//drivers/inc  -DSYSTEM_BUS_WIDTH=32 -pipe -D__hal__ -DALT_NO_INSTRUCTION_EMULATION -DALT_SINGLE_THREADED -DRO_ZIPFS    -O3 -g -Wall   -EL -mno-hw-div -mhw-mul -mno-hw-mulx  -o obj/default/jidctfst.o jidctfst.c
Info: Compiling jidctint.c to obj/default/jidctint.o
nios2-elf-gcc -xc -MP -MMD -c -I../demo_board_NiosIIf_bsp//HAL/inc -I../demo_board_NiosIIf_bsp/ -I../demo_board_NiosIIf_bsp//drivers/inc  -DSYSTEM_BUS_WIDTH=32 -pipe -D__hal__ -DALT_NO_INSTRUCTION_EMULATION -DALT_SINGLE_THREADED -DRO_ZIPFS    -O3 -g -Wall   -EL -mno-hw-div -mhw-mul -mno-hw-mulx  -o obj/default/jidctint.o jidctint.c
Info: Compiling jidctred.c to obj/default/jidctred.o
nios2-elf-gcc -xc -MP -MMD -c -I../demo_board_NiosIIf_bsp//HAL/inc -I../demo_board_NiosIIf_bsp/ -I../demo_board_NiosIIf_bsp//drivers/inc  -DSYSTEM_BUS_WIDTH=32 -pipe -D__hal__ -DALT_NO_INSTRUCTION_EMULATION -DALT_SINGLE_THREADED -DRO_ZIPFS    -O3 -g -Wall   -EL -mno-hw-div -mhw-mul -mno-hw-mulx  -o obj/default/jidctred.o jidctred.c
Info: Compiling jmemmgr.c to obj/default/jmemmgr.o
nios2-elf-gcc -xc -MP -MMD -c -I../demo_board_NiosIIf_bsp//HAL/inc -I../demo_board_NiosIIf_bsp/ -I../demo_board_NiosIIf_bsp//drivers/inc  -DSYSTEM_BUS_WIDTH=32 -pipe -D__hal__ -DALT_NO_INSTRUCTION_EMULATION -DALT_SINGLE_THREADED -DRO_ZIPFS    -O3 -g -Wall   -EL -mno-hw-div -mhw-mul -mno-hw-mulx  -o obj/default/jmemmgr.o jmemmgr.c
Info: Compiling jmemnobs.c to obj/default/jmemnobs.o
nios2-elf-gcc -xc -MP -MMD -c -I../demo_board_NiosIIf_bsp//HAL/inc -I../demo_board_NiosIIf_bsp/ -I../demo_board_NiosIIf_bsp//drivers/inc  -DSYSTEM_BUS_WIDTH=32 -pipe -D__hal__ -DALT_NO_INSTRUCTION_EMULATION -DALT_SINGLE_THREADED -DRO_ZIPFS    -O3 -g -Wall   -EL -mno-hw-div -mhw-mul -mno-hw-mulx  -o obj/default/jmemnobs.o jmemnobs.c
Info: Compiling jquant1.c to obj/default/jquant1.o
nios2-elf-gcc -xc -MP -MMD -c -I../demo_board_NiosIIf_bsp//HAL/inc -I../demo_board_NiosIIf_bsp/ -I../demo_board_NiosIIf_bsp//drivers/inc  -DSYSTEM_BUS_WIDTH=32 -pipe -D__hal__ -DALT_NO_INSTRUCTION_EMULATION -DALT_SINGLE_THREADED -DRO_ZIPFS    -O3 -g -Wall   -EL -mno-hw-div -mhw-mul -mno-hw-mulx  -o obj/default/jquant1.o jquant1.c
Info: Compiling jquant2.c to obj/default/jquant2.o
nios2-elf-gcc -xc -MP -MMD -c -I../demo_board_NiosIIf_bsp//HAL/inc -I../demo_board_NiosIIf_bsp/ -I../demo_board_NiosIIf_bsp//drivers/inc  -DSYSTEM_BUS_WIDTH=32 -pipe -D__hal__ -DALT_NO_INSTRUCTION_EMULATION -DALT_SINGLE_THREADED -DRO_ZIPFS    -O3 -g -Wall   -EL -mno-hw-div -mhw-mul -mno-hw-mulx  -o obj/default/jquant2.o jquant2.c
Info: Compiling jutils.c to obj/default/jutils.o
nios2-elf-gcc -xc -MP -MMD -c -I../demo_board_NiosIIf_bsp//HAL/inc -I../demo_board_NiosIIf_bsp/ -I../demo_board_NiosIIf_bsp//drivers/inc  -DSYSTEM_BUS_WIDTH=32 -pipe -D__hal__ -DALT_NO_INSTRUCTION_EMULATION -DALT_SINGLE_THREADED -DRO_ZIPFS    -O3 -g -Wall   -EL -mno-hw-div -mhw-mul -mno-hw-mulx  -o obj/default/jutils.o jutils.c
Info: Compiling rdcolmap.c to obj/default/rdcolmap.o
nios2-elf-gcc -xc -MP -MMD -c -I../demo_board_NiosIIf_bsp//HAL/inc -I../demo_board_NiosIIf_bsp/ -I../demo_board_NiosIIf_bsp//drivers/inc  -DSYSTEM_BUS_WIDTH=32 -pipe -D__hal__ -DALT_NO_INSTRUCTION_EMULATION -DALT_SINGLE_THREADED -DRO_ZIPFS    -O3 -g -Wall   -EL -mno-hw-div -mhw-mul -mno-hw-mulx  -o obj/default/rdcolmap.o rdcolmap.c
Info: Compiling wrbmp.c to obj/default/wrbmp.o
nios2-elf-gcc -xc -MP -MMD -c -I../demo_board_NiosIIf_bsp//HAL/inc -I../demo_board_NiosIIf_bsp/ -I../demo_board_NiosIIf_bsp//drivers/inc  -DSYSTEM_BUS_WIDTH=32 -pipe -D__hal__ -DALT_NO_INSTRUCTION_EMULATION -DALT_SINGLE_THREADED -DRO_ZIPFS    -O3 -g -Wall   -EL -mno-hw-div -mhw-mul -mno-hw-mulx  -o obj/default/wrbmp.o wrbmp.c
Info: Compiling wrgif.c to obj/default/wrgif.o
nios2-elf-gcc -xc -MP -MMD -c -I../demo_board_NiosIIf_bsp//HAL/inc -I../demo_board_NiosIIf_bsp/ -I../demo_board_NiosIIf_bsp//drivers/inc  -DSYSTEM_BUS_WIDTH=32 -pipe -D__hal__ -DALT_NO_INSTRUCTION_EMULATION -DALT_SINGLE_THREADED -DRO_ZIPFS    -O3 -g -Wall   -EL -mno-hw-div -mhw-mul -mno-hw-mulx  -o obj/default/wrgif.o wrgif.c
Info: Compiling wrppm.c to obj/default/wrppm.o
nios2-elf-gcc -xc -MP -MMD -c -I../demo_board_NiosIIf_bsp//HAL/inc -I../demo_board_NiosIIf_bsp/ -I../demo_board_NiosIIf_bsp//drivers/inc  -DSYSTEM_BUS_WIDTH=32 -pipe -D__hal__ -DALT_NO_INSTRUCTION_EMULATION -DALT_SINGLE_THREADED -DRO_ZIPFS    -O3 -g -Wall   -EL -mno-hw-div -mhw-mul -mno-hw-mulx  -o obj/default/wrppm.o wrppm.c
wrppm.c: In function 'put_pixel_rows':
wrppm.c:110: warning: unused variable 'pixel'
wrppm.c: In function 'finish_output_ppm':
wrppm.c:271: warning: implicit declaration of function 'alt_dcache_flush'
wrppm.c:269: warning: unused variable 'dest'
Info: Compiling wrrle.c to obj/default/wrrle.o
nios2-elf-gcc -xc -MP -MMD -c -I../demo_board_NiosIIf_bsp//HAL/inc -I../demo_board_NiosIIf_bsp/ -I../demo_board_NiosIIf_bsp//drivers/inc  -DSYSTEM_BUS_WIDTH=32 -pipe -D__hal__ -DALT_NO_INSTRUCTION_EMULATION -DALT_SINGLE_THREADED -DRO_ZIPFS    -O3 -g -Wall   -EL -mno-hw-div -mhw-mul -mno-hw-mulx  -o obj/default/wrrle.o wrrle.c
Info: Compiling wrtarga.c to obj/default/wrtarga.o
nios2-elf-gcc -xc -MP -MMD -c -I../demo_board_NiosIIf_bsp//HAL/inc -I../demo_board_NiosIIf_bsp/ -I../demo_board_NiosIIf_bsp//drivers/inc  -DSYSTEM_BUS_WIDTH=32 -pipe -D__hal__ -DALT_NO_INSTRUCTION_EMULATION -DALT_SINGLE_THREADED -DRO_ZIPFS    -O3 -g -Wall   -EL -mno-hw-div -mhw-mul -mno-hw-mulx  -o obj/default/wrtarga.o wrtarga.c
Info: Linking demo_board_NiosIIf.elf
nios2-elf-g++  -T'../demo_board_NiosIIf_bsp//linker.x' -msys-crt0='../demo_board_NiosIIf_bsp//obj/HAL/src/crt0.o' -msys-lib=hal_bsp -L../demo_board_NiosIIf_bsp/   -Wl,-Map=demo_board_NiosIIf.map   -O3 -g -Wall   -EL -mno-hw-div -mhw-mul -mno-hw-mulx  -o demo_board_NiosIIf.elf obj/default/cdjpeg.o obj/default/djpeg.o obj/default/jcapimin.o obj/default/jcapistd.o obj/default/jccoefct.o obj/default/jccolor.o obj/default/jcdctmgr.o obj/default/jchuff.o obj/default/jcinit.o obj/default/jcmainct.o obj/default/jcmarker.o obj/default/jcmaster.o obj/default/jcomapi.o obj/default/jcparam.o obj/default/jcphuff.o obj/default/jcprepct.o obj/default/jcsample.o obj/default/jctrans.o obj/default/jdapimin.o obj/default/jdapistd.o obj/default/jdatadst.o obj/default/jdatasrc.o obj/default/jdcoefct.o obj/default/jdcolor.o obj/default/jddctmgr.o obj/default/jdhuff.o obj/default/jdinput.o obj/default/jdmainct.o obj/default/jdmarker.o obj/default/jdmaster.o obj/default/jdmerge.o obj/default/jdphuff.o obj/default/jdpostct.o obj/default/jdsample.o obj/default/jdtrans.o obj/default/jerror.o obj/default/jfdctflt.o obj/default/jfdctfst.o obj/default/jfdctint.o obj/default/jidctflt.o obj/default/jidctfst.o obj/default/jidctint.o obj/default/jidctred.o obj/default/jmemmgr.o obj/default/jmemnobs.o obj/default/jquant1.o obj/default/jquant2.o obj/default/jutils.o obj/default/rdcolmap.o obj/default/wrbmp.o obj/default/wrgif.o obj/default/wrppm.o obj/default/wrrle.o obj/default/wrtarga.o -lm 
nios2-elf-insert demo_board_NiosIIf.elf --thread_model hal --cpu_name nios2_qsys_0 --qsys true --simulation_enabled false --id 2290649224 --sidp 0x10801120 --timestamp 1480892933 --stderr_dev jtag_uart_0 --stdin_dev jtag_uart_0 --stdout_dev jtag_uart_0 --sopc_system_name nios_system --quartus_project_dir "/home/ecegrid/a/695r04/project" --sopcinfo /home/ecegrid/a/695r04/project/software/demo_board_NiosIIf_bsp/../../nios_system.sopcinfo
Info: (demo_board_NiosIIf.elf) 269 KBytes program size (code + initialized data).
Info:                          130794 KBytes free for stack + heap.
Info: Creating demo_board_NiosIIf.objdump
nios2-elf-objdump --disassemble --syms --all-header --source demo_board_NiosIIf.elf >demo_board_NiosIIf.objdump
[demo_board_NiosIIf build complete]

**** Build Finished ****

**** Build of configuration Nios II for project demo_board_NiosIIf ****

make all 
Info: Building ../demo_board_NiosIIf_bsp/
make --no-print-directory -C ../demo_board_NiosIIf_bsp/
[BSP build complete]
[demo_board_NiosIIf build complete]

**** Build Finished ****

**** Build of configuration Nios II for project demo_board_NiosIIf ****

make all 
Info: Building ../demo_board_NiosIIf_bsp/
make --no-print-directory -C ../demo_board_NiosIIf_bsp/
[BSP build complete]
[demo_board_NiosIIf build complete]

**** Build Finished ****

**** Build of configuration Nios II for project demo_board_NiosIIf ****

make all 
Info: Building ../demo_board_NiosIIf_bsp/
make --no-print-directory -C ../demo_board_NiosIIf_bsp/
[BSP build complete]
[demo_board_NiosIIf build complete]

**** Build Finished ****

**** Build of configuration Nios II for project demo_board_NiosIIf ****

make all 
Info: Building ../demo_board_NiosIIf_bsp/
make --no-print-directory -C ../demo_board_NiosIIf_bsp/
[BSP build complete]
[demo_board_NiosIIf build complete]

**** Build Finished ****

**** Build of configuration Nios II for project demo_board_NiosIIf ****

make all 
Info: Building ../demo_board_NiosIIf_bsp/
make --no-print-directory -C ../demo_board_NiosIIf_bsp/
[BSP build complete]
[demo_board_NiosIIf build complete]

**** Build Finished ****

**** Build of configuration Nios II for project demo_board_NiosIIf ****

make all 
Info: Building ../demo_board_NiosIIf_bsp/
make --no-print-directory -C ../demo_board_NiosIIf_bsp/
[BSP build complete]
[demo_board_NiosIIf build complete]

**** Build Finished ****

**** Build of configuration Nios II for project demo_board_NiosIIf ****

make all 
Info: Building ../demo_board_NiosIIf_bsp/
make --no-print-directory -C ../demo_board_NiosIIf_bsp/
[BSP build complete]
[demo_board_NiosIIf build complete]

**** Build Finished ****

**** Build of configuration Nios II for project demo_board_NiosIIf ****

make all 
Info: Building ../demo_board_NiosIIf_bsp/
make --no-print-directory -C ../demo_board_NiosIIf_bsp/
[BSP build complete]
Info: Compiling djpeg.c to obj/default/djpeg.o
nios2-elf-gcc -xc -MP -MMD -c -I../demo_board_NiosIIf_bsp//HAL/inc -I../demo_board_NiosIIf_bsp/ -I../demo_board_NiosIIf_bsp//drivers/inc  -DSYSTEM_BUS_WIDTH=32 -pipe -D__hal__ -DALT_NO_INSTRUCTION_EMULATION -DALT_SINGLE_THREADED -DRO_ZIPFS    -O3 -g -Wall   -EL -mno-hw-div -mhw-mul -mno-hw-mulx  -o obj/default/djpeg.o djpeg.c
djpeg.c: In function 'main':
djpeg.c:592: warning: 'output_file' is used uninitialized in this function
Info: Linking demo_board_NiosIIf.elf
nios2-elf-g++  -T'../demo_board_NiosIIf_bsp//linker.x' -msys-crt0='../demo_board_NiosIIf_bsp//obj/HAL/src/crt0.o' -msys-lib=hal_bsp -L../demo_board_NiosIIf_bsp/   -Wl,-Map=demo_board_NiosIIf.map   -O3 -g -Wall   -EL -mno-hw-div -mhw-mul -mno-hw-mulx  -o demo_board_NiosIIf.elf obj/default/cdjpeg.o obj/default/djpeg.o obj/default/jcapimin.o obj/default/jcapistd.o obj/default/jccoefct.o obj/default/jccolor.o obj/default/jcdctmgr.o obj/default/jchuff.o obj/default/jcinit.o obj/default/jcmainct.o obj/default/jcmarker.o obj/default/jcmaster.o obj/default/jcomapi.o obj/default/jcparam.o obj/default/jcphuff.o obj/default/jcprepct.o obj/default/jcsample.o obj/default/jctrans.o obj/default/jdapimin.o obj/default/jdapistd.o obj/default/jdatadst.o obj/default/jdatasrc.o obj/default/jdcoefct.o obj/default/jdcolor.o obj/default/jddctmgr.o obj/default/jdhuff.o obj/default/jdinput.o obj/default/jdmainct.o obj/default/jdmarker.o obj/default/jdmaster.o obj/default/jdmerge.o obj/default/jdphuff.o obj/default/jdpostct.o obj/default/jdsample.o obj/default/jdtrans.o obj/default/jerror.o obj/default/jfdctflt.o obj/default/jfdctfst.o obj/default/jfdctint.o obj/default/jidctflt.o obj/default/jidctfst.o obj/default/jidctint.o obj/default/jidctred.o obj/default/jmemmgr.o obj/default/jmemnobs.o obj/default/jquant1.o obj/default/jquant2.o obj/default/jutils.o obj/default/rdcolmap.o obj/default/wrbmp.o obj/default/wrgif.o obj/default/wrppm.o obj/default/wrrle.o obj/default/wrtarga.o -lm 
nios2-elf-insert demo_board_NiosIIf.elf --thread_model hal --cpu_name nios2_qsys_0 --qsys true --simulation_enabled false --id 2290649224 --sidp 0x10801120 --timestamp 1480892933 --stderr_dev jtag_uart_0 --stdin_dev jtag_uart_0 --stdout_dev jtag_uart_0 --sopc_system_name nios_system --quartus_project_dir "/home/ecegrid/a/695r04/project" --sopcinfo /home/ecegrid/a/695r04/project/software/demo_board_NiosIIf_bsp/../../nios_system.sopcinfo
Info: (demo_board_NiosIIf.elf) 269 KBytes program size (code + initialized data).
Info:                          130794 KBytes free for stack + heap.
Info: Creating demo_board_NiosIIf.objdump
nios2-elf-objdump --disassemble --syms --all-header --source demo_board_NiosIIf.elf >demo_board_NiosIIf.objdump
[demo_board_NiosIIf build complete]

**** Build Finished ****

**** Build of configuration Nios II for project demo_board_NiosIIf ****

make all 
Info: Building ../demo_board_NiosIIf_bsp/
make --no-print-directory -C ../demo_board_NiosIIf_bsp/
[BSP build complete]
[demo_board_NiosIIf build complete]

**** Build Finished ****

**** Build of configuration Nios II for project demo_board_NiosIIf ****

make all 
Info: Building ../demo_board_NiosIIf_bsp/
make --no-print-directory -C ../demo_board_NiosIIf_bsp/
[BSP build complete]
[demo_board_NiosIIf build complete]

**** Build Finished ****

**** Build of configuration Nios II for project demo_board_NiosIIf ****

make all 
Info: Building ../demo_board_NiosIIf_bsp/
make --no-print-directory -C ../demo_board_NiosIIf_bsp/
[BSP build complete]
[demo_board_NiosIIf build complete]

**** Build Finished ****

**** Build of configuration Nios II for project demo_board_NiosIIf ****

make all 
Info: Building ../demo_board_NiosIIf_bsp/
make --no-print-directory -C ../demo_board_NiosIIf_bsp/
Compiling alt_alarm_start.c...
nios2-elf-gcc -xc -MP -MMD -c  -I./HAL/inc -I. -I./drivers/inc -DSYSTEM_BUS_WIDTH=32 -pipe -D__hal__ -DALT_NO_INSTRUCTION_EMULATION -DALT_SINGLE_THREADED -DRO_ZIPFS    -O3 -g -Wall  -EL -mno-hw-div -mhw-mul -mno-hw-mulx   -o obj/HAL/src/alt_alarm_start.o HAL/src/alt_alarm_start.c
Compiling alt_busy_sleep.c...
nios2-elf-gcc -xc -MP -MMD -c  -I./HAL/inc -I. -I./drivers/inc -DSYSTEM_BUS_WIDTH=32 -pipe -D__hal__ -DALT_NO_INSTRUCTION_EMULATION -DALT_SINGLE_THREADED -DRO_ZIPFS    -O3 -g -Wall  -EL -mno-hw-div -mhw-mul -mno-hw-mulx   -o obj/HAL/src/alt_busy_sleep.o HAL/src/alt_busy_sleep.c
Compiling alt_close.c...
nios2-elf-gcc -xc -MP -MMD -c  -I./HAL/inc -I. -I./drivers/inc -DSYSTEM_BUS_WIDTH=32 -pipe -D__hal__ -DALT_NO_INSTRUCTION_EMULATION -DALT_SINGLE_THREADED -DRO_ZIPFS    -O3 -g -Wall  -EL -mno-hw-div -mhw-mul -mno-hw-mulx   -o obj/HAL/src/alt_close.o HAL/src/alt_close.c
Compiling alt_dcache_flush.c...
nios2-elf-gcc -xc -MP -MMD -c  -I./HAL/inc -I. -I./drivers/inc -DSYSTEM_BUS_WIDTH=32 -pipe -D__hal__ -DALT_NO_INSTRUCTION_EMULATION -DALT_SINGLE_THREADED -DRO_ZIPFS    -O3 -g -Wall  -EL -mno-hw-div -mhw-mul -mno-hw-mulx   -o obj/HAL/src/alt_dcache_flush.o HAL/src/alt_dcache_flush.c
Compiling alt_dcache_flush_all.c...
nios2-elf-gcc -xc -MP -MMD -c  -I./HAL/inc -I. -I./drivers/inc -DSYSTEM_BUS_WIDTH=32 -pipe -D__hal__ -DALT_NO_INSTRUCTION_EMULATION -DALT_SINGLE_THREADED -DRO_ZIPFS    -O3 -g -Wall  -EL -mno-hw-div -mhw-mul -mno-hw-mulx   -o obj/HAL/src/alt_dcache_flush_all.o HAL/src/alt_dcache_flush_all.c
Compiling alt_dcache_flush_no_writeback.c...
nios2-elf-gcc -xc -MP -MMD -c  -I./HAL/inc -I. -I./drivers/inc -DSYSTEM_BUS_WIDTH=32 -pipe -D__hal__ -DALT_NO_INSTRUCTION_EMULATION -DALT_SINGLE_THREADED -DRO_ZIPFS    -O3 -g -Wall  -EL -mno-hw-div -mhw-mul -mno-hw-mulx   -o obj/HAL/src/alt_dcache_flush_no_writeback.o HAL/src/alt_dcache_flush_no_writeback.c
Compiling alt_dev.c...
nios2-elf-gcc -xc -MP -MMD -c  -I./HAL/inc -I. -I./drivers/inc -DSYSTEM_BUS_WIDTH=32 -pipe -D__hal__ -DALT_NO_INSTRUCTION_EMULATION -DALT_SINGLE_THREADED -DRO_ZIPFS    -O3 -g -Wall  -EL -mno-hw-div -mhw-mul -mno-hw-mulx   -o obj/HAL/src/alt_dev.o HAL/src/alt_dev.c
Compiling alt_dma_rxchan_open.c...
nios2-elf-gcc -xc -MP -MMD -c  -I./HAL/inc -I. -I./drivers/inc -DSYSTEM_BUS_WIDTH=32 -pipe -D__hal__ -DALT_NO_INSTRUCTION_EMULATION -DALT_SINGLE_THREADED -DRO_ZIPFS    -O3 -g -Wall  -EL -mno-hw-div -mhw-mul -mno-hw-mulx   -o obj/HAL/src/alt_dma_rxchan_open.o HAL/src/alt_dma_rxchan_open.c
Compiling alt_dma_txchan_open.c...
nios2-elf-gcc -xc -MP -MMD -c  -I./HAL/inc -I. -I./drivers/inc -DSYSTEM_BUS_WIDTH=32 -pipe -D__hal__ -DALT_NO_INSTRUCTION_EMULATION -DALT_SINGLE_THREADED -DRO_ZIPFS    -O3 -g -Wall  -EL -mno-hw-div -mhw-mul -mno-hw-mulx   -o obj/HAL/src/alt_dma_txchan_open.o HAL/src/alt_dma_txchan_open.c
Compiling alt_exception_entry.S...
nios2-elf-gcc -MP -MMD -c   -O3 -g -Wall  -EL -mno-hw-div -mhw-mul -mno-hw-mulx    -I./HAL/inc -I. -I./drivers/inc -DSYSTEM_BUS_WIDTH=32 -pipe -D__hal__ -DALT_NO_INSTRUCTION_EMULATION -DALT_SINGLE_THREADED -DRO_ZIPFS  -Wa,-gdwarf2  -o obj/HAL/src/alt_exception_entry.o HAL/src/alt_exception_entry.S
Compiling alt_exit.c...
nios2-elf-gcc -xc -MP -MMD -c  -I./HAL/inc -I. -I./drivers/inc -DSYSTEM_BUS_WIDTH=32 -pipe -D__hal__ -DALT_NO_INSTRUCTION_EMULATION -DALT_SINGLE_THREADED -DRO_ZIPFS    -O3 -g -Wall  -EL -mno-hw-div -mhw-mul -mno-hw-mulx   -o obj/HAL/src/alt_exit.o HAL/src/alt_exit.c
Compiling alt_fcntl.c...
nios2-elf-gcc -xc -MP -MMD -c  -I./HAL/inc -I. -I./drivers/inc -DSYSTEM_BUS_WIDTH=32 -pipe -D__hal__ -DALT_NO_INSTRUCTION_EMULATION -DALT_SINGLE_THREADED -DRO_ZIPFS    -O3 -g -Wall  -EL -mno-hw-div -mhw-mul -mno-hw-mulx   -o obj/HAL/src/alt_fcntl.o HAL/src/alt_fcntl.c
Compiling alt_fd_lock.c...
nios2-elf-gcc -xc -MP -MMD -c  -I./HAL/inc -I. -I./drivers/inc -DSYSTEM_BUS_WIDTH=32 -pipe -D__hal__ -DALT_NO_INSTRUCTION_EMULATION -DALT_SINGLE_THREADED -DRO_ZIPFS    -O3 -g -Wall  -EL -mno-hw-div -mhw-mul -mno-hw-mulx   -o obj/HAL/src/alt_fd_lock.o HAL/src/alt_fd_lock.c
Compiling alt_fd_unlock.c...
nios2-elf-gcc -xc -MP -MMD -c  -I./HAL/inc -I. -I./drivers/inc -DSYSTEM_BUS_WIDTH=32 -pipe -D__hal__ -DALT_NO_INSTRUCTION_EMULATION -DALT_SINGLE_THREADED -DRO_ZIPFS    -O3 -g -Wall  -EL -mno-hw-div -mhw-mul -mno-hw-mulx   -o obj/HAL/src/alt_fd_unlock.o HAL/src/alt_fd_unlock.c
Compiling alt_find_dev.c...
nios2-elf-gcc -xc -MP -MMD -c  -I./HAL/inc -I. -I./drivers/inc -DSYSTEM_BUS_WIDTH=32 -pipe -D__hal__ -DALT_NO_INSTRUCTION_EMULATION -DALT_SINGLE_THREADED -DRO_ZIPFS    -O3 -g -Wall  -EL -mno-hw-div -mhw-mul -mno-hw-mulx   -o obj/HAL/src/alt_find_dev.o HAL/src/alt_find_dev.c
Compiling alt_find_file.c...
nios2-elf-gcc -xc -MP -MMD -c  -I./HAL/inc -I. -I./drivers/inc -DSYSTEM_BUS_WIDTH=32 -pipe -D__hal__ -DALT_NO_INSTRUCTION_EMULATION -DALT_SINGLE_THREADED -DRO_ZIPFS    -O3 -g -Wall  -EL -mno-hw-div -mhw-mul -mno-hw-mulx   -o obj/HAL/src/alt_find_file.o HAL/src/alt_find_file.c
Compiling alt_flash_dev.c...
nios2-elf-gcc -xc -MP -MMD -c  -I./HAL/inc -I. -I./drivers/inc -DSYSTEM_BUS_WIDTH=32 -pipe -D__hal__ -DALT_NO_INSTRUCTION_EMULATION -DALT_SINGLE_THREADED -DRO_ZIPFS    -O3 -g -Wall  -EL -mno-hw-div -mhw-mul -mno-hw-mulx   -o obj/HAL/src/alt_flash_dev.o HAL/src/alt_flash_dev.c
Compiling alt_fs_reg.c...
nios2-elf-gcc -xc -MP -MMD -c  -I./HAL/inc -I. -I./drivers/inc -DSYSTEM_BUS_WIDTH=32 -pipe -D__hal__ -DALT_NO_INSTRUCTION_EMULATION -DALT_SINGLE_THREADED -DRO_ZIPFS    -O3 -g -Wall  -EL -mno-hw-div -mhw-mul -mno-hw-mulx   -o obj/HAL/src/alt_fs_reg.o HAL/src/alt_fs_reg.c
Compiling alt_fstat.c...
nios2-elf-gcc -xc -MP -MMD -c  -I./HAL/inc -I. -I./drivers/inc -DSYSTEM_BUS_WIDTH=32 -pipe -D__hal__ -DALT_NO_INSTRUCTION_EMULATION -DALT_SINGLE_THREADED -DRO_ZIPFS    -O3 -g -Wall  -EL -mno-hw-div -mhw-mul -mno-hw-mulx   -o obj/HAL/src/alt_fstat.o HAL/src/alt_fstat.c
Compiling alt_get_fd.c...
nios2-elf-gcc -xc -MP -MMD -c  -I./HAL/inc -I. -I./drivers/inc -DSYSTEM_BUS_WIDTH=32 -pipe -D__hal__ -DALT_NO_INSTRUCTION_EMULATION -DALT_SINGLE_THREADED -DRO_ZIPFS    -O3 -g -Wall  -EL -mno-hw-div -mhw-mul -mno-hw-mulx   -o obj/HAL/src/alt_get_fd.o HAL/src/alt_get_fd.c
Compiling alt_gmon.c...
nios2-elf-gcc -xc -MP -MMD -c  -I./HAL/inc -I. -I./drivers/inc -DSYSTEM_BUS_WIDTH=32 -pipe -D__hal__ -DALT_NO_INSTRUCTION_EMULATION -DALT_SINGLE_THREADED -DRO_ZIPFS    -O3 -g -Wall  -EL -mno-hw-div -mhw-mul -mno-hw-mulx   -o obj/HAL/src/alt_gmon.o HAL/src/alt_gmon.c
Compiling alt_icache_flush.c...
nios2-elf-gcc -xc -MP -MMD -c  -I./HAL/inc -I. -I./drivers/inc -DSYSTEM_BUS_WIDTH=32 -pipe -D__hal__ -DALT_NO_INSTRUCTION_EMULATION -DALT_SINGLE_THREADED -DRO_ZIPFS    -O3 -g -Wall  -EL -mno-hw-div -mhw-mul -mno-hw-mulx   -o obj/HAL/src/alt_icache_flush.o HAL/src/alt_icache_flush.c
Compiling alt_icache_flush_all.c...
nios2-elf-gcc -xc -MP -MMD -c  -I./HAL/inc -I. -I./drivers/inc -DSYSTEM_BUS_WIDTH=32 -pipe -D__hal__ -DALT_NO_INSTRUCTION_EMULATION -DALT_SINGLE_THREADED -DRO_ZIPFS    -O3 -g -Wall  -EL -mno-hw-div -mhw-mul -mno-hw-mulx   -o obj/HAL/src/alt_icache_flush_all.o HAL/src/alt_icache_flush_all.c
Compiling alt_iic.c...
nios2-elf-gcc -xc -MP -MMD -c  -I./HAL/inc -I. -I./drivers/inc -DSYSTEM_BUS_WIDTH=32 -pipe -D__hal__ -DALT_NO_INSTRUCTION_EMULATION -DALT_SINGLE_THREADED -DRO_ZIPFS    -O3 -g -Wall  -EL -mno-hw-div -mhw-mul -mno-hw-mulx   -o obj/HAL/src/alt_iic.o HAL/src/alt_iic.c
Compiling alt_iic_isr_register.c...
nios2-elf-gcc -xc -MP -MMD -c  -I./HAL/inc -I. -I./drivers/inc -DSYSTEM_BUS_WIDTH=32 -pipe -D__hal__ -DALT_NO_INSTRUCTION_EMULATION -DALT_SINGLE_THREADED -DRO_ZIPFS    -O3 -g -Wall  -EL -mno-hw-div -mhw-mul -mno-hw-mulx   -o obj/HAL/src/alt_iic_isr_register.o HAL/src/alt_iic_isr_register.c
Compiling alt_instruction_exception_entry.c...
nios2-elf-gcc -xc -MP -MMD -c  -I./HAL/inc -I. -I./drivers/inc -DSYSTEM_BUS_WIDTH=32 -pipe -D__hal__ -DALT_NO_INSTRUCTION_EMULATION -DALT_SINGLE_THREADED -DRO_ZIPFS    -O3 -g -Wall  -EL -mno-hw-div -mhw-mul -mno-hw-mulx   -o obj/HAL/src/alt_instruction_exception_entry.o HAL/src/alt_instruction_exception_entry.c
Compiling alt_instruction_exception_register.c...
nios2-elf-gcc -xc -MP -MMD -c  -I./HAL/inc -I. -I./drivers/inc -DSYSTEM_BUS_WIDTH=32 -pipe -D__hal__ -DALT_NO_INSTRUCTION_EMULATION -DALT_SINGLE_THREADED -DRO_ZIPFS    -O3 -g -Wall  -EL -mno-hw-div -mhw-mul -mno-hw-mulx   -o obj/HAL/src/alt_instruction_exception_register.o HAL/src/alt_instruction_exception_register.c
Compiling alt_io_redirect.c...
nios2-elf-gcc -xc -MP -MMD -c  -I./HAL/inc -I. -I./drivers/inc -DSYSTEM_BUS_WIDTH=32 -pipe -D__hal__ -DALT_NO_INSTRUCTION_EMULATION -DALT_SINGLE_THREADED -DRO_ZIPFS    -O3 -g -Wall  -EL -mno-hw-div -mhw-mul -mno-hw-mulx   -o obj/HAL/src/alt_io_redirect.o HAL/src/alt_io_redirect.c
Compiling alt_ioctl.c...
nios2-elf-gcc -xc -MP -MMD -c  -I./HAL/inc -I. -I./drivers/inc -DSYSTEM_BUS_WIDTH=32 -pipe -D__hal__ -DALT_NO_INSTRUCTION_EMULATION -DALT_SINGLE_THREADED -DRO_ZIPFS    -O3 -g -Wall  -EL -mno-hw-div -mhw-mul -mno-hw-mulx   -o obj/HAL/src/alt_ioctl.o HAL/src/alt_ioctl.c
Compiling alt_irq_entry.S...
nios2-elf-gcc -MP -MMD -c   -O3 -g -Wall  -EL -mno-hw-div -mhw-mul -mno-hw-mulx    -I./HAL/inc -I. -I./drivers/inc -DSYSTEM_BUS_WIDTH=32 -pipe -D__hal__ -DALT_NO_INSTRUCTION_EMULATION -DALT_SINGLE_THREADED -DRO_ZIPFS  -Wa,-gdwarf2  -o obj/HAL/src/alt_irq_entry.o HAL/src/alt_irq_entry.S
Compiling alt_irq_handler.c...
nios2-elf-gcc -xc -MP -MMD -c  -I./HAL/inc -I. -I./drivers/inc -DSYSTEM_BUS_WIDTH=32 -pipe -D__hal__ -DALT_NO_INSTRUCTION_EMULATION -DALT_SINGLE_THREADED -DRO_ZIPFS    -O3 -g -Wall  -EL -mno-hw-div -mhw-mul -mno-hw-mulx   -o obj/HAL/src/alt_irq_handler.o HAL/src/alt_irq_handler.c
Compiling alt_irq_register.c...
nios2-elf-gcc -xc -MP -MMD -c  -I./HAL/inc -I. -I./drivers/inc -DSYSTEM_BUS_WIDTH=32 -pipe -D__hal__ -DALT_NO_INSTRUCTION_EMULATION -DALT_SINGLE_THREADED -DRO_ZIPFS    -O3 -g -Wall  -EL -mno-hw-div -mhw-mul -mno-hw-mulx   -o obj/HAL/src/alt_irq_register.o HAL/src/alt_irq_register.c
Compiling alt_irq_vars.c...
nios2-elf-gcc -xc -MP -MMD -c  -I./HAL/inc -I. -I./drivers/inc -DSYSTEM_BUS_WIDTH=32 -pipe -D__hal__ -DALT_NO_INSTRUCTION_EMULATION -DALT_SINGLE_THREADED -DRO_ZIPFS    -O3 -g -Wall  -EL -mno-hw-div -mhw-mul -mno-hw-mulx   -o obj/HAL/src/alt_irq_vars.o HAL/src/alt_irq_vars.c
Compiling alt_isatty.c...
nios2-elf-gcc -xc -MP -MMD -c  -I./HAL/inc -I. -I./drivers/inc -DSYSTEM_BUS_WIDTH=32 -pipe -D__hal__ -DALT_NO_INSTRUCTION_EMULATION -DALT_SINGLE_THREADED -DRO_ZIPFS    -O3 -g -Wall  -EL -mno-hw-div -mhw-mul -mno-hw-mulx   -o obj/HAL/src/alt_isatty.o HAL/src/alt_isatty.c
Compiling alt_lseek.c...
nios2-elf-gcc -xc -MP -MMD -c  -I./HAL/inc -I. -I./drivers/inc -DSYSTEM_BUS_WIDTH=32 -pipe -D__hal__ -DALT_NO_INSTRUCTION_EMULATION -DALT_SINGLE_THREADED -DRO_ZIPFS    -O3 -g -Wall  -EL -mno-hw-div -mhw-mul -mno-hw-mulx   -o obj/HAL/src/alt_lseek.o HAL/src/alt_lseek.c
Compiling alt_main.c...
nios2-elf-gcc -xc -MP -MMD -c  -I./HAL/inc -I. -I./drivers/inc -DSYSTEM_BUS_WIDTH=32 -pipe -D__hal__ -DALT_NO_INSTRUCTION_EMULATION -DALT_SINGLE_THREADED -DRO_ZIPFS    -O3 -g -Wall  -EL -mno-hw-div -mhw-mul -mno-hw-mulx   -o obj/HAL/src/alt_main.o HAL/src/alt_main.c
Compiling alt_open.c...
nios2-elf-gcc -xc -MP -MMD -c  -I./HAL/inc -I. -I./drivers/inc -DSYSTEM_BUS_WIDTH=32 -pipe -D__hal__ -DALT_NO_INSTRUCTION_EMULATION -DALT_SINGLE_THREADED -DRO_ZIPFS    -O3 -g -Wall  -EL -mno-hw-div -mhw-mul -mno-hw-mulx   -o obj/HAL/src/alt_open.o HAL/src/alt_open.c
Compiling alt_read.c...
nios2-elf-gcc -xc -MP -MMD -c  -I./HAL/inc -I. -I./drivers/inc -DSYSTEM_BUS_WIDTH=32 -pipe -D__hal__ -DALT_NO_INSTRUCTION_EMULATION -DALT_SINGLE_THREADED -DRO_ZIPFS    -O3 -g -Wall  -EL -mno-hw-div -mhw-mul -mno-hw-mulx   -o obj/HAL/src/alt_read.o HAL/src/alt_read.c
Compiling alt_release_fd.c...
nios2-elf-gcc -xc -MP -MMD -c  -I./HAL/inc -I. -I./drivers/inc -DSYSTEM_BUS_WIDTH=32 -pipe -D__hal__ -DALT_NO_INSTRUCTION_EMULATION -DALT_SINGLE_THREADED -DRO_ZIPFS    -O3 -g -Wall  -EL -mno-hw-div -mhw-mul -mno-hw-mulx   -o obj/HAL/src/alt_release_fd.o HAL/src/alt_release_fd.c
Compiling alt_remap_cached.c...
nios2-elf-gcc -xc -MP -MMD -c  -I./HAL/inc -I. -I./drivers/inc -DSYSTEM_BUS_WIDTH=32 -pipe -D__hal__ -DALT_NO_INSTRUCTION_EMULATION -DALT_SINGLE_THREADED -DRO_ZIPFS    -O3 -g -Wall  -EL -mno-hw-div -mhw-mul -mno-hw-mulx   -o obj/HAL/src/alt_remap_cached.o HAL/src/alt_remap_cached.c
Compiling alt_remap_uncached.c...
nios2-elf-gcc -xc -MP -MMD -c  -I./HAL/inc -I. -I./drivers/inc -DSYSTEM_BUS_WIDTH=32 -pipe -D__hal__ -DALT_NO_INSTRUCTION_EMULATION -DALT_SINGLE_THREADED -DRO_ZIPFS    -O3 -g -Wall  -EL -mno-hw-div -mhw-mul -mno-hw-mulx   -o obj/HAL/src/alt_remap_uncached.o HAL/src/alt_remap_uncached.c
Compiling alt_sbrk.c...
nios2-elf-gcc -xc -MP -MMD -c  -I./HAL/inc -I. -I./drivers/inc -DSYSTEM_BUS_WIDTH=32 -pipe -D__hal__ -DALT_NO_INSTRUCTION_EMULATION -DALT_SINGLE_THREADED -DRO_ZIPFS    -O3 -g -Wall  -EL -mno-hw-div -mhw-mul -mno-hw-mulx   -o obj/HAL/src/alt_sbrk.o HAL/src/alt_sbrk.c
Compiling alt_software_exception.S...
nios2-elf-gcc -MP -MMD -c   -O3 -g -Wall  -EL -mno-hw-div -mhw-mul -mno-hw-mulx    -I./HAL/inc -I. -I./drivers/inc -DSYSTEM_BUS_WIDTH=32 -pipe -D__hal__ -DALT_NO_INSTRUCTION_EMULATION -DALT_SINGLE_THREADED -DRO_ZIPFS  -Wa,-gdwarf2  -o obj/HAL/src/alt_software_exception.o HAL/src/alt_software_exception.S
Compiling alt_tick.c...
nios2-elf-gcc -xc -MP -MMD -c  -I./HAL/inc -I. -I./drivers/inc -DSYSTEM_BUS_WIDTH=32 -pipe -D__hal__ -DALT_NO_INSTRUCTION_EMULATION -DALT_SINGLE_THREADED -DRO_ZIPFS    -O3 -g -Wall  -EL -mno-hw-div -mhw-mul -mno-hw-mulx   -o obj/HAL/src/alt_tick.o HAL/src/alt_tick.c
Compiling alt_uncached_free.c...
nios2-elf-gcc -xc -MP -MMD -c  -I./HAL/inc -I. -I./drivers/inc -DSYSTEM_BUS_WIDTH=32 -pipe -D__hal__ -DALT_NO_INSTRUCTION_EMULATION -DALT_SINGLE_THREADED -DRO_ZIPFS    -O3 -g -Wall  -EL -mno-hw-div -mhw-mul -mno-hw-mulx   -o obj/HAL/src/alt_uncached_free.o HAL/src/alt_uncached_free.c
Compiling alt_uncached_malloc.c...
nios2-elf-gcc -xc -MP -MMD -c  -I./HAL/inc -I. -I./drivers/inc -DSYSTEM_BUS_WIDTH=32 -pipe -D__hal__ -DALT_NO_INSTRUCTION_EMULATION -DALT_SINGLE_THREADED -DRO_ZIPFS    -O3 -g -Wall  -EL -mno-hw-div -mhw-mul -mno-hw-mulx   -o obj/HAL/src/alt_uncached_malloc.o HAL/src/alt_uncached_malloc.c
Compiling alt_write.c...
nios2-elf-gcc -xc -MP -MMD -c  -I./HAL/inc -I. -I./drivers/inc -DSYSTEM_BUS_WIDTH=32 -pipe -D__hal__ -DALT_NO_INSTRUCTION_EMULATION -DALT_SINGLE_THREADED -DRO_ZIPFS    -O3 -g -Wall  -EL -mno-hw-div -mhw-mul -mno-hw-mulx   -o obj/HAL/src/alt_write.o HAL/src/alt_write.c
Compiling altera_nios2_qsys_irq.c...
nios2-elf-gcc -xc -MP -MMD -c  -I./HAL/inc -I. -I./drivers/inc -DSYSTEM_BUS_WIDTH=32 -pipe -D__hal__ -DALT_NO_INSTRUCTION_EMULATION -DALT_SINGLE_THREADED -DRO_ZIPFS    -O3 -g -Wall  -EL -mno-hw-div -mhw-mul -mno-hw-mulx   -o obj/HAL/src/altera_nios2_qsys_irq.o HAL/src/altera_nios2_qsys_irq.c
Compiling crt0.S...
nios2-elf-gcc -MP -MMD -c   -O3 -g -Wall  -EL -mno-hw-div -mhw-mul -mno-hw-mulx    -I./HAL/inc -I. -I./drivers/inc -DSYSTEM_BUS_WIDTH=32 -pipe -D__hal__ -DALT_NO_INSTRUCTION_EMULATION -DALT_SINGLE_THREADED -DRO_ZIPFS  -Wa,-gdwarf2  -o obj/HAL/src/crt0.o HAL/src/crt0.S
Compiling alt_sys_init.c...
nios2-elf-gcc -xc -MP -MMD -c  -I./HAL/inc -I. -I./drivers/inc -DSYSTEM_BUS_WIDTH=32 -pipe -D__hal__ -DALT_NO_INSTRUCTION_EMULATION -DALT_SINGLE_THREADED -DRO_ZIPFS    -O3 -g -Wall  -EL -mno-hw-div -mhw-mul -mno-hw-mulx   -o obj/alt_sys_init.o alt_sys_init.c
Compiling altera_avalon_jtag_uart_fd.c...
nios2-elf-gcc -xc -MP -MMD -c  -I./HAL/inc -I. -I./drivers/inc -DSYSTEM_BUS_WIDTH=32 -pipe -D__hal__ -DALT_NO_INSTRUCTION_EMULATION -DALT_SINGLE_THREADED -DRO_ZIPFS    -O3 -g -Wall  -EL -mno-hw-div -mhw-mul -mno-hw-mulx   -o obj/drivers/src/altera_avalon_jtag_uart_fd.o drivers/src/altera_avalon_jtag_uart_fd.c
Compiling altera_avalon_jtag_uart_init.c...
nios2-elf-gcc -xc -MP -MMD -c  -I./HAL/inc -I. -I./drivers/inc -DSYSTEM_BUS_WIDTH=32 -pipe -D__hal__ -DALT_NO_INSTRUCTION_EMULATION -DALT_SINGLE_THREADED -DRO_ZIPFS    -O3 -g -Wall  -EL -mno-hw-div -mhw-mul -mno-hw-mulx   -o obj/drivers/src/altera_avalon_jtag_uart_init.o drivers/src/altera_avalon_jtag_uart_init.c
Compiling altera_avalon_jtag_uart_ioctl.c...
nios2-elf-gcc -xc -MP -MMD -c  -I./HAL/inc -I. -I./drivers/inc -DSYSTEM_BUS_WIDTH=32 -pipe -D__hal__ -DALT_NO_INSTRUCTION_EMULATION -DALT_SINGLE_THREADED -DRO_ZIPFS    -O3 -g -Wall  -EL -mno-hw-div -mhw-mul -mno-hw-mulx   -o obj/drivers/src/altera_avalon_jtag_uart_ioctl.o drivers/src/altera_avalon_jtag_uart_ioctl.c
Compiling altera_avalon_jtag_uart_read.c...
nios2-elf-gcc -xc -MP -MMD -c  -I./HAL/inc -I. -I./drivers/inc -DSYSTEM_BUS_WIDTH=32 -pipe -D__hal__ -DALT_NO_INSTRUCTION_EMULATION -DALT_SINGLE_THREADED -DRO_ZIPFS    -O3 -g -Wall  -EL -mno-hw-div -mhw-mul -mno-hw-mulx   -o obj/drivers/src/altera_avalon_jtag_uart_read.o drivers/src/altera_avalon_jtag_uart_read.c
Compiling altera_avalon_jtag_uart_write.c...
nios2-elf-gcc -xc -MP -MMD -c  -I./HAL/inc -I. -I./drivers/inc -DSYSTEM_BUS_WIDTH=32 -pipe -D__hal__ -DALT_NO_INSTRUCTION_EMULATION -DALT_SINGLE_THREADED -DRO_ZIPFS    -O3 -g -Wall  -EL -mno-hw-div -mhw-mul -mno-hw-mulx   -o obj/drivers/src/altera_avalon_jtag_uart_write.o drivers/src/altera_avalon_jtag_uart_write.c
Compiling altera_avalon_performance_counter.c...
nios2-elf-gcc -xc -MP -MMD -c  -I./HAL/inc -I. -I./drivers/inc -DSYSTEM_BUS_WIDTH=32 -pipe -D__hal__ -DALT_NO_INSTRUCTION_EMULATION -DALT_SINGLE_THREADED -DRO_ZIPFS    -O3 -g -Wall  -EL -mno-hw-div -mhw-mul -mno-hw-mulx   -o obj/drivers/src/altera_avalon_performance_counter.o drivers/src/altera_avalon_performance_counter.c
Compiling altera_avalon_sysid_qsys.c...
nios2-elf-gcc -xc -MP -MMD -c  -I./HAL/inc -I. -I./drivers/inc -DSYSTEM_BUS_WIDTH=32 -pipe -D__hal__ -DALT_NO_INSTRUCTION_EMULATION -DALT_SINGLE_THREADED -DRO_ZIPFS    -O3 -g -Wall  -EL -mno-hw-div -mhw-mul -mno-hw-mulx   -o obj/drivers/src/altera_avalon_sysid_qsys.o drivers/src/altera_avalon_sysid_qsys.c
Compiling altera_avalon_timer_sc.c...
nios2-elf-gcc -xc -MP -MMD -c  -I./HAL/inc -I. -I./drivers/inc -DSYSTEM_BUS_WIDTH=32 -pipe -D__hal__ -DALT_NO_INSTRUCTION_EMULATION -DALT_SINGLE_THREADED -DRO_ZIPFS    -O3 -g -Wall  -EL -mno-hw-div -mhw-mul -mno-hw-mulx   -o obj/drivers/src/altera_avalon_timer_sc.o drivers/src/altera_avalon_timer_sc.c
drivers/src/altera_ro_zipfs.c: In function 'alt_ro_zipfs_fstat':
Compiling altera_avalon_timer_ts.c...
drivers/src/altera_ro_zipfs.c:567: warning: 'len' may be used uninitialized in this function
nios2-elf-gcc -xc -MP -MMD -c  -I./HAL/inc -I. -I./drivers/inc -DSYSTEM_BUS_WIDTH=32 -pipe -D__hal__ -DALT_NO_INSTRUCTION_EMULATION -DALT_SINGLE_THREADED -DRO_ZIPFS    -O3 -g -Wall  -EL -mno-hw-div -mhw-mul -mno-hw-mulx   -o obj/drivers/src/altera_avalon_timer_ts.o drivers/src/altera_avalon_timer_ts.c
drivers/src/altera_ro_zipfs.c: In function 'alt_ro_zipfs_seek':
Compiling altera_avalon_timer_vars.c...
drivers/src/altera_ro_zipfs.c:508: warning: 'len' may be used uninitialized in this function
nios2-elf-gcc -xc -MP -MMD -c  -I./HAL/inc -I. -I./drivers/inc -DSYSTEM_BUS_WIDTH=32 -pipe -D__hal__ -DALT_NO_INSTRUCTION_EMULATION -DALT_SINGLE_THREADED -DRO_ZIPFS    -O3 -g -Wall  -EL -mno-hw-div -mhw-mul -mno-hw-mulx   -o obj/drivers/src/altera_avalon_timer_vars.o drivers/src/altera_avalon_timer_vars.c
drivers/src/altera_ro_zipfs.c:507: warning: 'start' may be used uninitialized in this function
Compiling altera_ro_zipfs.c...
drivers/src/altera_ro_zipfs.c: In function 'alt_ro_zipfs_read':
nios2-elf-gcc -xc -MP -MMD -c  -I./HAL/inc -I. -I./drivers/inc -DSYSTEM_BUS_WIDTH=32 -pipe -D__hal__ -DALT_NO_INSTRUCTION_EMULATION -DALT_SINGLE_THREADED -DRO_ZIPFS    -O3 -g -Wall  -EL -mno-hw-div -mhw-mul -mno-hw-mulx   -o obj/drivers/src/altera_ro_zipfs.o drivers/src/altera_ro_zipfs.c
drivers/src/altera_ro_zipfs.c:471: warning: 'file_len' may be used uninitialized in this function
Compiling altera_up_avalon_video_pixel_buffer_dma.c...
drivers/src/altera_ro_zipfs.c:470: warning: 'start' may be used uninitialized in this function
nios2-elf-gcc -xc -MP -MMD -c  -I./HAL/inc -I. -I./drivers/inc -DSYSTEM_BUS_WIDTH=32 -pipe -D__hal__ -DALT_NO_INSTRUCTION_EMULATION -DALT_SINGLE_THREADED -DRO_ZIPFS    -O3 -g -Wall  -EL -mno-hw-div -mhw-mul -mno-hw-mulx   -o obj/drivers/src/altera_up_avalon_video_pixel_buffer_dma.o drivers/src/altera_up_avalon_video_pixel_buffer_dma.c
Creating libhal_bsp.a...
rm -f -f libhal_bsp.a
nios2-elf-ar -src libhal_bsp.a obj/HAL/src/alt_alarm_start.o obj/HAL/src/alt_busy_sleep.o obj/HAL/src/alt_close.o obj/HAL/src/alt_dcache_flush.o obj/HAL/src/alt_dcache_flush_all.o obj/HAL/src/alt_dcache_flush_no_writeback.o obj/HAL/src/alt_dev.o obj/HAL/src/alt_dev_llist_insert.o obj/HAL/src/alt_dma_rxchan_open.o obj/HAL/src/alt_dma_txchan_open.o obj/HAL/src/alt_do_ctors.o obj/HAL/src/alt_do_dtors.o obj/HAL/src/alt_env_lock.o obj/HAL/src/alt_environ.o obj/HAL/src/alt_errno.o obj/HAL/src/alt_exception_entry.o obj/HAL/src/alt_exception_muldiv.o obj/HAL/src/alt_exception_trap.o obj/HAL/src/alt_execve.o obj/HAL/src/alt_exit.o obj/HAL/src/alt_fcntl.o obj/HAL/src/alt_fd_lock.o obj/HAL/src/alt_fd_unlock.o obj/HAL/src/alt_find_dev.o obj/HAL/src/alt_find_file.o obj/HAL/src/alt_flash_dev.o obj/HAL/src/alt_fork.o obj/HAL/src/alt_fs_reg.o obj/HAL/src/alt_fstat.o obj/HAL/src/alt_get_fd.o obj/HAL/src/alt_getchar.o obj/HAL/src/alt_getpid.o obj/HAL/src/alt_gettod.o obj/HAL/src/alt_gmon.o obj/HAL/src/alt_icache_flush.o obj/HAL/src/alt_icache_flush_all.o obj/HAL/src/alt_iic.o obj/HAL/src/alt_iic_isr_register.o obj/HAL/src/alt_instruction_exception_entry.o obj/HAL/src/alt_instruction_exception_register.o obj/HAL/src/alt_io_redirect.o obj/HAL/src/alt_ioctl.o obj/HAL/src/alt_irq_entry.o obj/HAL/src/alt_irq_handler.o obj/HAL/src/alt_irq_register.o obj/HAL/src/alt_irq_vars.o obj/HAL/src/alt_isatty.o obj/HAL/src/alt_kill.o obj/HAL/src/alt_link.o obj/HAL/src/alt_load.o obj/HAL/src/alt_log_macro.o obj/HAL/src/alt_log_printf.o obj/HAL/src/alt_lseek.o obj/HAL/src/alt_main.o obj/HAL/src/alt_malloc_lock.o obj/HAL/src/alt_mcount.o obj/HAL/src/alt_open.o obj/HAL/src/alt_printf.o obj/HAL/src/alt_putchar.o obj/HAL/src/alt_putstr.o obj/HAL/src/alt_read.o obj/HAL/src/alt_release_fd.o obj/HAL/src/alt_remap_cached.o obj/HAL/src/alt_remap_uncached.o obj/HAL/src/alt_rename.o obj/HAL/src/alt_sbrk.o obj/HAL/src/alt_settod.o obj/HAL/src/alt_software_exception.o obj/HAL/src/alt_stat.o obj/HAL/src/alt_tick.o obj/HAL/src/alt_times.o obj/HAL/src/alt_uncached_free.o obj/HAL/src/alt_uncached_malloc.o obj/HAL/src/alt_unlink.o obj/HAL/src/alt_usleep.o obj/HAL/src/alt_wait.o obj/HAL/src/alt_write.o obj/HAL/src/altera_nios2_qsys_irq.o obj/HAL/src/crt0.o obj/alt_sys_init.o obj/drivers/src/altera_avalon_cfi_flash.o obj/drivers/src/altera_avalon_cfi_flash_amd.o obj/drivers/src/altera_avalon_cfi_flash_intel.o obj/drivers/src/altera_avalon_cfi_flash_table.o obj/drivers/src/altera_avalon_jtag_uart_fd.o obj/drivers/src/altera_avalon_jtag_uart_init.o obj/drivers/src/altera_avalon_jtag_uart_ioctl.o obj/drivers/src/altera_avalon_jtag_uart_read.o obj/drivers/src/altera_avalon_jtag_uart_write.o obj/drivers/src/altera_avalon_performance_counter.o obj/drivers/src/altera_avalon_sysid_qsys.o obj/drivers/src/altera_avalon_timer_sc.o obj/drivers/src/altera_avalon_timer_ts.o obj/drivers/src/altera_avalon_timer_vars.o obj/drivers/src/altera_ro_zipfs.o obj/drivers/src/altera_up_avalon_video_pixel_buffer_dma.o obj/drivers/src/perf_print_formatted_report.o
[BSP build complete]
Info: Compiling djpeg.c to obj/default/djpeg.o
nios2-elf-gcc -xc -MP -MMD -c -I../demo_board_NiosIIf_bsp//HAL/inc -I../demo_board_NiosIIf_bsp/ -I../demo_board_NiosIIf_bsp//drivers/inc  -DSYSTEM_BUS_WIDTH=32 -pipe -D__hal__ -DALT_NO_INSTRUCTION_EMULATION -DALT_SINGLE_THREADED -DRO_ZIPFS    -O3 -g -Wall   -EL -mno-hw-div -mhw-mul -mno-hw-mulx  -o obj/default/djpeg.o djpeg.c
djpeg.c: In function 'main':
djpeg.c:592: warning: 'output_file' is used uninitialized in this function
Info: Compiling jdcolor.c to obj/default/jdcolor.o
nios2-elf-gcc -xc -MP -MMD -c -I../demo_board_NiosIIf_bsp//HAL/inc -I../demo_board_NiosIIf_bsp/ -I../demo_board_NiosIIf_bsp//drivers/inc  -DSYSTEM_BUS_WIDTH=32 -pipe -D__hal__ -DALT_NO_INSTRUCTION_EMULATION -DALT_SINGLE_THREADED -DRO_ZIPFS    -O3 -g -Wall   -EL -mno-hw-div -mhw-mul -mno-hw-mulx  -o obj/default/jdcolor.o jdcolor.c
jdcolor.c: In function 'ycc_rgb_convert':
jdcolor.c:140: warning: unused variable 'Cbgtab'
jdcolor.c:139: warning: unused variable 'Crgtab'
jdcolor.c:138: warning: unused variable 'Cbbtab'
jdcolor.c:137: warning: unused variable 'Crrtab'
Info: Compiling wrppm.c to obj/default/wrppm.o
nios2-elf-gcc -xc -MP -MMD -c -I../demo_board_NiosIIf_bsp//HAL/inc -I../demo_board_NiosIIf_bsp/ -I../demo_board_NiosIIf_bsp//drivers/inc  -DSYSTEM_BUS_WIDTH=32 -pipe -D__hal__ -DALT_NO_INSTRUCTION_EMULATION -DALT_SINGLE_THREADED -DRO_ZIPFS    -O3 -g -Wall   -EL -mno-hw-div -mhw-mul -mno-hw-mulx  -o obj/default/wrppm.o wrppm.c
wrppm.c: In function 'put_pixel_rows':
wrppm.c:110: warning: unused variable 'pixel'
wrppm.c: In function 'finish_output_ppm':
wrppm.c:271: warning: implicit declaration of function 'alt_dcache_flush'
wrppm.c:269: warning: unused variable 'dest'
Info: Linking demo_board_NiosIIf.elf
nios2-elf-g++  -T'../demo_board_NiosIIf_bsp//linker.x' -msys-crt0='../demo_board_NiosIIf_bsp//obj/HAL/src/crt0.o' -msys-lib=hal_bsp -L../demo_board_NiosIIf_bsp/   -Wl,-Map=demo_board_NiosIIf.map   -O3 -g -Wall   -EL -mno-hw-div -mhw-mul -mno-hw-mulx  -o demo_board_NiosIIf.elf obj/default/cdjpeg.o obj/default/djpeg.o obj/default/jcapimin.o obj/default/jcapistd.o obj/default/jccoefct.o obj/default/jccolor.o obj/default/jcdctmgr.o obj/default/jchuff.o obj/default/jcinit.o obj/default/jcmainct.o obj/default/jcmarker.o obj/default/jcmaster.o obj/default/jcomapi.o obj/default/jcparam.o obj/default/jcphuff.o obj/default/jcprepct.o obj/default/jcsample.o obj/default/jctrans.o obj/default/jdapimin.o obj/default/jdapistd.o obj/default/jdatadst.o obj/default/jdatasrc.o obj/default/jdcoefct.o obj/default/jdcolor.o obj/default/jddctmgr.o obj/default/jdhuff.o obj/default/jdinput.o obj/default/jdmainct.o obj/default/jdmarker.o obj/default/jdmaster.o obj/default/jdmerge.o obj/default/jdphuff.o obj/default/jdpostct.o obj/default/jdsample.o obj/default/jdtrans.o obj/default/jerror.o obj/default/jfdctflt.o obj/default/jfdctfst.o obj/default/jfdctint.o obj/default/jidctflt.o obj/default/jidctfst.o obj/default/jidctint.o obj/default/jidctred.o obj/default/jmemmgr.o obj/default/jmemnobs.o obj/default/jquant1.o obj/default/jquant2.o obj/default/jutils.o obj/default/rdcolmap.o obj/default/wrbmp.o obj/default/wrgif.o obj/default/wrppm.o obj/default/wrrle.o obj/default/wrtarga.o -lm 
nios2-elf-insert demo_board_NiosIIf.elf --thread_model hal --cpu_name nios2_qsys_0 --qsys true --simulation_enabled false --id 2290649224 --sidp 0x10801120 --timestamp 1480895481 --stderr_dev jtag_uart_0 --stdin_dev jtag_uart_0 --stdout_dev jtag_uart_0 --sopc_system_name nios_system --quartus_project_dir "/home/ecegrid/a/695r04/project" --sopcinfo /home/ecegrid/a/695r04/project/software/demo_board_NiosIIf_bsp/../../nios_system.sopcinfo
Info: (demo_board_NiosIIf.elf) 269 KBytes program size (code + initialized data).
Info:                          130794 KBytes free for stack + heap.
Info: Creating demo_board_NiosIIf.objdump
nios2-elf-objdump --disassemble --syms --all-header --source demo_board_NiosIIf.elf >demo_board_NiosIIf.objdump
[demo_board_NiosIIf build complete]

**** Build Finished ****

**** Build of configuration Nios II for project demo_board_NiosIIf ****

make all 
Info: Building ../demo_board_NiosIIf_bsp/
make --no-print-directory -C ../demo_board_NiosIIf_bsp/
[BSP build complete]
[demo_board_NiosIIf build complete]

**** Build Finished ****

**** Build of configuration Nios II for project demo_board_NiosIIf ****

make all 
Info: Building ../demo_board_NiosIIf_bsp/
make --no-print-directory -C ../demo_board_NiosIIf_bsp/
[BSP build complete]
Info: Compiling djpeg.c to obj/default/djpeg.o
nios2-elf-gcc -xc -MP -MMD -c -I../demo_board_NiosIIf_bsp//HAL/inc -I../demo_board_NiosIIf_bsp/ -I../demo_board_NiosIIf_bsp//drivers/inc  -DSYSTEM_BUS_WIDTH=32 -pipe -D__hal__ -DALT_NO_INSTRUCTION_EMULATION -DALT_SINGLE_THREADED -DRO_ZIPFS    -O3 -g -Wall   -EL -mno-hw-div -mhw-mul -mno-hw-mulx  -o obj/default/djpeg.o djpeg.c
djpeg.c: In function 'main':
djpeg.c:592: warning: 'output_file' is used uninitialized in this function
Info: Linking demo_board_NiosIIf.elf
nios2-elf-g++  -T'../demo_board_NiosIIf_bsp//linker.x' -msys-crt0='../demo_board_NiosIIf_bsp//obj/HAL/src/crt0.o' -msys-lib=hal_bsp -L../demo_board_NiosIIf_bsp/   -Wl,-Map=demo_board_NiosIIf.map   -O3 -g -Wall   -EL -mno-hw-div -mhw-mul -mno-hw-mulx  -o demo_board_NiosIIf.elf obj/default/cdjpeg.o obj/default/djpeg.o obj/default/jcapimin.o obj/default/jcapistd.o obj/default/jccoefct.o obj/default/jccolor.o obj/default/jcdctmgr.o obj/default/jchuff.o obj/default/jcinit.o obj/default/jcmainct.o obj/default/jcmarker.o obj/default/jcmaster.o obj/default/jcomapi.o obj/default/jcparam.o obj/default/jcphuff.o obj/default/jcprepct.o obj/default/jcsample.o obj/default/jctrans.o obj/default/jdapimin.o obj/default/jdapistd.o obj/default/jdatadst.o obj/default/jdatasrc.o obj/default/jdcoefct.o obj/default/jdcolor.o obj/default/jddctmgr.o obj/default/jdhuff.o obj/default/jdinput.o obj/default/jdmainct.o obj/default/jdmarker.o obj/default/jdmaster.o obj/default/jdmerge.o obj/default/jdphuff.o obj/default/jdpostct.o obj/default/jdsample.o obj/default/jdtrans.o obj/default/jerror.o obj/default/jfdctflt.o obj/default/jfdctfst.o obj/default/jfdctint.o obj/default/jidctflt.o obj/default/jidctfst.o obj/default/jidctint.o obj/default/jidctred.o obj/default/jmemmgr.o obj/default/jmemnobs.o obj/default/jquant1.o obj/default/jquant2.o obj/default/jutils.o obj/default/rdcolmap.o obj/default/wrbmp.o obj/default/wrgif.o obj/default/wrppm.o obj/default/wrrle.o obj/default/wrtarga.o -lm 
nios2-elf-insert demo_board_NiosIIf.elf --thread_model hal --cpu_name nios2_qsys_0 --qsys true --simulation_enabled false --id 2290649224 --sidp 0x10801120 --timestamp 1480895481 --stderr_dev jtag_uart_0 --stdin_dev jtag_uart_0 --stdout_dev jtag_uart_0 --sopc_system_name nios_system --quartus_project_dir "/home/ecegrid/a/695r04/project" --sopcinfo /home/ecegrid/a/695r04/project/software/demo_board_NiosIIf_bsp/../../nios_system.sopcinfo
Info: (demo_board_NiosIIf.elf) 269 KBytes program size (code + initialized data).
Info:                          130794 KBytes free for stack + heap.
Info: Creating demo_board_NiosIIf.objdump
nios2-elf-objdump --disassemble --syms --all-header --source demo_board_NiosIIf.elf >demo_board_NiosIIf.objdump
[demo_board_NiosIIf build complete]

**** Build Finished ****

**** Build of configuration Nios II for project demo_board_NiosIIf ****

make all 
Info: Building ../demo_board_NiosIIf_bsp/
make --no-print-directory -C ../demo_board_NiosIIf_bsp/
[BSP build complete]
[demo_board_NiosIIf build complete]

**** Build Finished ****

**** Build of configuration Nios II for project demo_board_NiosIIf ****

make all 
Info: Building ../demo_board_NiosIIf_bsp/
make --no-print-directory -C ../demo_board_NiosIIf_bsp/
[BSP build complete]
[demo_board_NiosIIf build complete]

**** Build Finished ****

**** Build of configuration Nios II for project demo_board_NiosIIf ****

make all 
Info: Building ../demo_board_NiosIIf_bsp/
make --no-print-directory -C ../demo_board_NiosIIf_bsp/
[BSP build complete]
[demo_board_NiosIIf build complete]

**** Build Finished ****

**** Build of configuration Nios II for project demo_board_NiosIIf ****

make all 
Info: Building ../demo_board_NiosIIf_bsp/
make --no-print-directory -C ../demo_board_NiosIIf_bsp/
[BSP build complete]
[demo_board_NiosIIf build complete]

**** Build Finished ****

**** Build of configuration Nios II for project demo_board_NiosIIf ****

make all 
Info: Building ../demo_board_NiosIIf_bsp/
make --no-print-directory -C ../demo_board_NiosIIf_bsp/
[BSP build complete]
[demo_board_NiosIIf build complete]

**** Build Finished ****

**** Build of configuration Nios II for project demo_board_NiosIIf ****

make all 
Info: Building ../demo_board_NiosIIf_bsp/
make --no-print-directory -C ../demo_board_NiosIIf_bsp/
[BSP build complete]
[demo_board_NiosIIf build complete]

**** Build Finished ****

**** Build of configuration Nios II for project demo_board_NiosIIf ****

make all 
Info: Building ../demo_board_NiosIIf_bsp/
make --no-print-directory -C ../demo_board_NiosIIf_bsp/
[BSP build complete]
[demo_board_NiosIIf build complete]

**** Build Finished ****

**** Build of configuration Nios II for project demo_board_NiosIIf ****

make all 
Info: Building ../demo_board_NiosIIf_bsp/
make --no-print-directory -C ../demo_board_NiosIIf_bsp/
[BSP build complete]
[demo_board_NiosIIf build complete]

**** Build Finished ****

**** Build of configuration Nios II for project demo_board_NiosIIf ****

make all 
Info: Building ../demo_board_NiosIIf_bsp/
make --no-print-directory -C ../demo_board_NiosIIf_bsp/
[BSP build complete]
Info: Compiling djpeg.c to obj/default/djpeg.o
nios2-elf-gcc -xc -MP -MMD -c -I../demo_board_NiosIIf_bsp//HAL/inc -I../demo_board_NiosIIf_bsp/ -I../demo_board_NiosIIf_bsp//drivers/inc  -DSYSTEM_BUS_WIDTH=32 -pipe -D__hal__ -DALT_NO_INSTRUCTION_EMULATION -DALT_SINGLE_THREADED -DRO_ZIPFS    -O3 -g -Wall   -EL -mno-hw-div -mhw-mul -mno-hw-mulx  -o obj/default/djpeg.o djpeg.c
djpeg.c: In function 'main':
djpeg.c:592: warning: 'output_file' is used uninitialized in this function
Info: Linking demo_board_NiosIIf.elf
nios2-elf-g++  -T'../demo_board_NiosIIf_bsp//linker.x' -msys-crt0='../demo_board_NiosIIf_bsp//obj/HAL/src/crt0.o' -msys-lib=hal_bsp -L../demo_board_NiosIIf_bsp/   -Wl,-Map=demo_board_NiosIIf.map   -O3 -g -Wall   -EL -mno-hw-div -mhw-mul -mno-hw-mulx  -o demo_board_NiosIIf.elf obj/default/cdjpeg.o obj/default/djpeg.o obj/default/jcapimin.o obj/default/jcapistd.o obj/default/jccoefct.o obj/default/jccolor.o obj/default/jcdctmgr.o obj/default/jchuff.o obj/default/jcinit.o obj/default/jcmainct.o obj/default/jcmarker.o obj/default/jcmaster.o obj/default/jcomapi.o obj/default/jcparam.o obj/default/jcphuff.o obj/default/jcprepct.o obj/default/jcsample.o obj/default/jctrans.o obj/default/jdapimin.o obj/default/jdapistd.o obj/default/jdatadst.o obj/default/jdatasrc.o obj/default/jdcoefct.o obj/default/jdcolor.o obj/default/jddctmgr.o obj/default/jdhuff.o obj/default/jdinput.o obj/default/jdmainct.o obj/default/jdmarker.o obj/default/jdmaster.o obj/default/jdmerge.o obj/default/jdphuff.o obj/default/jdpostct.o obj/default/jdsample.o obj/default/jdtrans.o obj/default/jerror.o obj/default/jfdctflt.o obj/default/jfdctfst.o obj/default/jfdctint.o obj/default/jidctflt.o obj/default/jidctfst.o obj/default/jidctint.o obj/default/jidctred.o obj/default/jmemmgr.o obj/default/jmemnobs.o obj/default/jquant1.o obj/default/jquant2.o obj/default/jutils.o obj/default/rdcolmap.o obj/default/wrbmp.o obj/default/wrgif.o obj/default/wrppm.o obj/default/wrrle.o obj/default/wrtarga.o -lm 
nios2-elf-insert demo_board_NiosIIf.elf --thread_model hal --cpu_name nios2_qsys_0 --qsys true --simulation_enabled false --id 2290649224 --sidp 0x10801120 --timestamp 1480895481 --stderr_dev jtag_uart_0 --stdin_dev jtag_uart_0 --stdout_dev jtag_uart_0 --sopc_system_name nios_system --quartus_project_dir "/home/ecegrid/a/695r04/project" --sopcinfo /home/ecegrid/a/695r04/project/software/demo_board_NiosIIf_bsp/../../nios_system.sopcinfo
Info: (demo_board_NiosIIf.elf) 269 KBytes program size (code + initialized data).
Info:                          130794 KBytes free for stack + heap.
Info: Creating demo_board_NiosIIf.objdump
nios2-elf-objdump --disassemble --syms --all-header --source demo_board_NiosIIf.elf >demo_board_NiosIIf.objdump
[demo_board_NiosIIf build complete]

**** Build Finished ****

**** Build of configuration Nios II for project demo_board_NiosIIf ****

make all 
Info: Building ../demo_board_NiosIIf_bsp/
make --no-print-directory -C ../demo_board_NiosIIf_bsp/
[BSP build complete]
[demo_board_NiosIIf build complete]

**** Build Finished ****

**** Build of configuration Nios II for project demo_board_NiosIIf ****

make all 
Info: Building ../demo_board_NiosIIf_bsp/
make --no-print-directory -C ../demo_board_NiosIIf_bsp/
[BSP build complete]
[demo_board_NiosIIf build complete]

**** Build Finished ****

**** Build of configuration Nios II for project demo_board_NiosIIf ****

make all 
Info: Building ../demo_board_NiosIIf_bsp/
make --no-print-directory -C ../demo_board_NiosIIf_bsp/
[BSP build complete]
[demo_board_NiosIIf build complete]

**** Build Finished ****

**** Build of configuration Nios II for project demo_board_NiosIIf ****

make all 
Info: Building ../demo_board_NiosIIf_bsp/
make --no-print-directory -C ../demo_board_NiosIIf_bsp/
[BSP build complete]
Info: Compiling djpeg.c to obj/default/djpeg.o
nios2-elf-gcc -xc -MP -MMD -c -I../demo_board_NiosIIf_bsp//HAL/inc -I../demo_board_NiosIIf_bsp/ -I../demo_board_NiosIIf_bsp//drivers/inc  -DSYSTEM_BUS_WIDTH=32 -pipe -D__hal__ -DALT_NO_INSTRUCTION_EMULATION -DALT_SINGLE_THREADED -DRO_ZIPFS    -O3 -g -Wall   -EL -mno-hw-div -mhw-mul -mno-hw-mulx  -o obj/default/djpeg.o djpeg.c
djpeg.c: In function 'main':
djpeg.c:592: warning: 'output_file' is used uninitialized in this function
Info: Linking demo_board_NiosIIf.elf
nios2-elf-g++  -T'../demo_board_NiosIIf_bsp//linker.x' -msys-crt0='../demo_board_NiosIIf_bsp//obj/HAL/src/crt0.o' -msys-lib=hal_bsp -L../demo_board_NiosIIf_bsp/   -Wl,-Map=demo_board_NiosIIf.map   -O3 -g -Wall   -EL -mno-hw-div -mhw-mul -mno-hw-mulx  -o demo_board_NiosIIf.elf obj/default/cdjpeg.o obj/default/djpeg.o obj/default/jcapimin.o obj/default/jcapistd.o obj/default/jccoefct.o obj/default/jccolor.o obj/default/jcdctmgr.o obj/default/jchuff.o obj/default/jcinit.o obj/default/jcmainct.o obj/default/jcmarker.o obj/default/jcmaster.o obj/default/jcomapi.o obj/default/jcparam.o obj/default/jcphuff.o obj/default/jcprepct.o obj/default/jcsample.o obj/default/jctrans.o obj/default/jdapimin.o obj/default/jdapistd.o obj/default/jdatadst.o obj/default/jdatasrc.o obj/default/jdcoefct.o obj/default/jdcolor.o obj/default/jddctmgr.o obj/default/jdhuff.o obj/default/jdinput.o obj/default/jdmainct.o obj/default/jdmarker.o obj/default/jdmaster.o obj/default/jdmerge.o obj/default/jdphuff.o obj/default/jdpostct.o obj/default/jdsample.o obj/default/jdtrans.o obj/default/jerror.o obj/default/jfdctflt.o obj/default/jfdctfst.o obj/default/jfdctint.o obj/default/jidctflt.o obj/default/jidctfst.o obj/default/jidctint.o obj/default/jidctred.o obj/default/jmemmgr.o obj/default/jmemnobs.o obj/default/jquant1.o obj/default/jquant2.o obj/default/jutils.o obj/default/rdcolmap.o obj/default/wrbmp.o obj/default/wrgif.o obj/default/wrppm.o obj/default/wrrle.o obj/default/wrtarga.o -lm 
nios2-elf-insert demo_board_NiosIIf.elf --thread_model hal --cpu_name nios2_qsys_0 --qsys true --simulation_enabled false --id 2290649224 --sidp 0x10801120 --timestamp 1480895481 --stderr_dev jtag_uart_0 --stdin_dev jtag_uart_0 --stdout_dev jtag_uart_0 --sopc_system_name nios_system --quartus_project_dir "/home/ecegrid/a/695r04/project" --sopcinfo /home/ecegrid/a/695r04/project/software/demo_board_NiosIIf_bsp/../../nios_system.sopcinfo
Info: (demo_board_NiosIIf.elf) 269 KBytes program size (code + initialized data).
Info:                          130794 KBytes free for stack + heap.
Info: Creating demo_board_NiosIIf.objdump
nios2-elf-objdump --disassemble --syms --all-header --source demo_board_NiosIIf.elf >demo_board_NiosIIf.objdump
[demo_board_NiosIIf build complete]

**** Build Finished ****

**** Build of configuration Nios II for project demo_board_NiosIIf ****

make all 
Info: Building ../demo_board_NiosIIf_bsp/
make --no-print-directory -C ../demo_board_NiosIIf_bsp/
[BSP build complete]
[demo_board_NiosIIf build complete]

**** Build Finished ****

**** Build of configuration Nios II for project demo_board_NiosIIf ****

make all 
Info: Building ../demo_board_NiosIIf_bsp/
make --no-print-directory -C ../demo_board_NiosIIf_bsp/
[BSP build complete]
[demo_board_NiosIIf build complete]

**** Build Finished ****

**** Build of configuration Nios II for project demo_board_NiosIIf ****

make all 
Info: Building ../demo_board_NiosIIf_bsp/
make --no-print-directory -C ../demo_board_NiosIIf_bsp/
[BSP build complete]
[demo_board_NiosIIf build complete]

**** Build Finished ****

**** Build of configuration Nios II for project demo_board_NiosIIf ****

make all 
Info: Building ../demo_board_NiosIIf_bsp/
make --no-print-directory -C ../demo_board_NiosIIf_bsp/
[BSP build complete]
Info: Compiling djpeg.c to obj/default/djpeg.o
nios2-elf-gcc -xc -MP -MMD -c -I../demo_board_NiosIIf_bsp//HAL/inc -I../demo_board_NiosIIf_bsp/ -I../demo_board_NiosIIf_bsp//drivers/inc  -DSYSTEM_BUS_WIDTH=32 -pipe -D__hal__ -DALT_NO_INSTRUCTION_EMULATION -DALT_SINGLE_THREADED -DRO_ZIPFS    -O3 -g -Wall   -EL -mno-hw-div -mhw-mul -mno-hw-mulx  -o obj/default/djpeg.o djpeg.c
djpeg.c: In function 'main':
djpeg.c:592: warning: 'output_file' is used uninitialized in this function
Info: Linking demo_board_NiosIIf.elf
nios2-elf-g++  -T'../demo_board_NiosIIf_bsp//linker.x' -msys-crt0='../demo_board_NiosIIf_bsp//obj/HAL/src/crt0.o' -msys-lib=hal_bsp -L../demo_board_NiosIIf_bsp/   -Wl,-Map=demo_board_NiosIIf.map   -O3 -g -Wall   -EL -mno-hw-div -mhw-mul -mno-hw-mulx  -o demo_board_NiosIIf.elf obj/default/cdjpeg.o obj/default/djpeg.o obj/default/jcapimin.o obj/default/jcapistd.o obj/default/jccoefct.o obj/default/jccolor.o obj/default/jcdctmgr.o obj/default/jchuff.o obj/default/jcinit.o obj/default/jcmainct.o obj/default/jcmarker.o obj/default/jcmaster.o obj/default/jcomapi.o obj/default/jcparam.o obj/default/jcphuff.o obj/default/jcprepct.o obj/default/jcsample.o obj/default/jctrans.o obj/default/jdapimin.o obj/default/jdapistd.o obj/default/jdatadst.o obj/default/jdatasrc.o obj/default/jdcoefct.o obj/default/jdcolor.o obj/default/jddctmgr.o obj/default/jdhuff.o obj/default/jdinput.o obj/default/jdmainct.o obj/default/jdmarker.o obj/default/jdmaster.o obj/default/jdmerge.o obj/default/jdphuff.o obj/default/jdpostct.o obj/default/jdsample.o obj/default/jdtrans.o obj/default/jerror.o obj/default/jfdctflt.o obj/default/jfdctfst.o obj/default/jfdctint.o obj/default/jidctflt.o obj/default/jidctfst.o obj/default/jidctint.o obj/default/jidctred.o obj/default/jmemmgr.o obj/default/jmemnobs.o obj/default/jquant1.o obj/default/jquant2.o obj/default/jutils.o obj/default/rdcolmap.o obj/default/wrbmp.o obj/default/wrgif.o obj/default/wrppm.o obj/default/wrrle.o obj/default/wrtarga.o -lm 
nios2-elf-insert demo_board_NiosIIf.elf --thread_model hal --cpu_name nios2_qsys_0 --qsys true --simulation_enabled false --id 2290649224 --sidp 0x10801120 --timestamp 1480895481 --stderr_dev jtag_uart_0 --stdin_dev jtag_uart_0 --stdout_dev jtag_uart_0 --sopc_system_name nios_system --quartus_project_dir "/home/ecegrid/a/695r04/project" --sopcinfo /home/ecegrid/a/695r04/project/software/demo_board_NiosIIf_bsp/../../nios_system.sopcinfo
Info: (demo_board_NiosIIf.elf) 269 KBytes program size (code + initialized data).
Info:                          130794 KBytes free for stack + heap.
Info: Creating demo_board_NiosIIf.objdump
nios2-elf-objdump --disassemble --syms --all-header --source demo_board_NiosIIf.elf >demo_board_NiosIIf.objdump
[demo_board_NiosIIf build complete]

**** Build Finished ****

**** Build of configuration Nios II for project demo_board_NiosIIf ****

make all 
Info: Building ../demo_board_NiosIIf_bsp/
make --no-print-directory -C ../demo_board_NiosIIf_bsp/
[BSP build complete]
[demo_board_NiosIIf build complete]

**** Build Finished ****

**** Build of configuration Nios II for project demo_board_NiosIIf ****

make all 
Info: Building ../demo_board_NiosIIf_bsp/
make --no-print-directory -C ../demo_board_NiosIIf_bsp/
[BSP build complete]
[demo_board_NiosIIf build complete]

**** Build Finished ****

**** Build of configuration Nios II for project demo_board_NiosIIf ****

make all 
Info: Building ../demo_board_NiosIIf_bsp/
make --no-print-directory -C ../demo_board_NiosIIf_bsp/
[BSP build complete]
[demo_board_NiosIIf build complete]

**** Build Finished ****
