Flow report for demo
Sun Dec  4 18:55:13 2016
Quartus II 32-bit Version 13.0.1 Build 232 06/12/2013 Service Pack 1 SJ Full Version


---------------------
; Table of Contents ;
---------------------
  1. Legal Notice
  2. Flow Summary
  3. Flow Settings
  4. Flow Non-Default Global Settings
  5. Flow Elapsed Time
  6. Flow OS Summary
  7. Flow Log
  8. Flow Messages
  9. Flow Suppressed Messages



----------------
; Legal Notice ;
----------------
Copyright (C) 1991-2013 Altera Corporation
Your use of Altera Corporation's design tools, logic functions 
and other software and tools, and its AMPP partner logic 
functions, and any output files from any of the foregoing 
(including device programming or simulation files), and any 
associated documentation or information are expressly subject 
to the terms and conditions of the Altera Program License 
Subscription Agreement, Altera MegaCore Function License 
Agreement, or other applicable license agreement, including, 
without limitation, that your use is for the sole purpose of 
programming logic devices manufactured by Altera and sold by 
Altera or its authorized distributors.  Please refer to the 
applicable agreement for further details.



+---------------------------------------------------------------------------------------+
; Flow Summary                                                                          ;
+------------------------------------+--------------------------------------------------+
; Flow Status                        ; Successful - Sun Dec  4 18:55:05 2016            ;
; Quartus II 32-bit Version          ; 13.0.1 Build 232 06/12/2013 SP 1 SJ Full Version ;
; Revision Name                      ; demo                                             ;
; Top-level Entity Name              ; demo                                             ;
; Family                             ; Cyclone IV E                                     ;
; Device                             ; EP4CE115F29C7                                    ;
; Timing Models                      ; Final                                            ;
; Total logic elements               ; 7,190 / 114,480 ( 6 % )                          ;
;     Total combinational functions  ; 6,636 / 114,480 ( 6 % )                          ;
;     Dedicated logic registers      ; 4,110 / 114,480 ( 4 % )                          ;
; Total registers                    ; 4324                                             ;
; Total pins                         ; 218 / 529 ( 41 % )                               ;
; Total virtual pins                 ; 0                                                ;
; Total memory bits                  ; 644,096 / 3,981,312 ( 16 % )                     ;
; Embedded Multiplier 9-bit elements ; 4 / 532 ( < 1 % )                                ;
; Total PLLs                         ; 1 / 4 ( 25 % )                                   ;
+------------------------------------+--------------------------------------------------+


+-----------------------------------------+
; Flow Settings                           ;
+-------------------+---------------------+
; Option            ; Setting             ;
+-------------------+---------------------+
; Start date & time ; 12/04/2016 18:53:38 ;
; Main task         ; Compilation         ;
; Revision Name     ; demo                ;
+-------------------+---------------------+


+-----------------------------------------------------------------------------------------------------------------------------------------------------------------------------------------------------+
; Flow Non-Default Global Settings                                                                                                                                                                    ;
+-------------------------------------+---------------------------------------------------------------+---------------+------------------------------------------------------------------+------------+
; Assignment Name                     ; Value                                                         ; Default Value ; Entity Name                                                      ; Section Id ;
+-------------------------------------+---------------------------------------------------------------+---------------+------------------------------------------------------------------+------------+
; COMPILER_SIGNATURE_ID               ; 268891671204923.148089561827661                               ; --            ; --                                                               ; --         ;
; IP_TOOL_ENV                         ; Qsys                                                          ; --            ; altera_avalon_sc_fifo                                            ; --         ;
; IP_TOOL_ENV                         ; Qsys                                                          ; --            ; altera_avalon_st_handshake_clock_crosser                         ; --         ;
; IP_TOOL_ENV                         ; Qsys                                                          ; --            ; altera_customins_master_translator                               ; --         ;
; IP_TOOL_ENV                         ; Qsys                                                          ; --            ; altera_customins_slave_translator                                ; --         ;
; IP_TOOL_ENV                         ; Qsys                                                          ; --            ; altera_merlin_burst_adapter                                      ; --         ;
; IP_TOOL_ENV                         ; Qsys                                                          ; --            ; altera_merlin_master_agent                                       ; --         ;
; IP_TOOL_ENV                         ; Qsys                                                          ; --            ; altera_merlin_master_translator                                  ; --         ;
; IP_TOOL_ENV                         ; Qsys                                                          ; --            ; altera_merlin_slave_agent                                        ; --         ;
; IP_TOOL_ENV                         ; Qsys                                                          ; --            ; altera_merlin_slave_translator                                   ; --         ;
; IP_TOOL_ENV                         ; Qsys                                                          ; --            ; altera_merlin_traffic_limiter                                    ; --         ;
; IP_TOOL_ENV                         ; Qsys                                                          ; --            ; altera_merlin_width_adapter                                      ; --         ;
; IP_TOOL_ENV                         ; Qsys                                                          ; --            ; altera_reset_controller                                          ; --         ;
; IP_TOOL_ENV                         ; Qsys                                                          ; --            ; altera_tristate_controller_aggregator                            ; --         ;
; IP_TOOL_ENV                         ; Qsys                                                          ; --            ; altera_tristate_controller_translator                            ; --         ;
; IP_TOOL_ENV                         ; Qsys                                                          ; --            ; nios_system                                                      ; --         ;
; IP_TOOL_ENV                         ; Qsys                                                          ; --            ; nios_system_addr_router                                          ; --         ;
; IP_TOOL_ENV                         ; Qsys                                                          ; --            ; nios_system_addr_router_001                                      ; --         ;
; IP_TOOL_ENV                         ; Qsys                                                          ; --            ; nios_system_addr_router_002                                      ; --         ;
; IP_TOOL_ENV                         ; Qsys                                                          ; --            ; nios_system_cmd_xbar_demux                                       ; --         ;
; IP_TOOL_ENV                         ; Qsys                                                          ; --            ; nios_system_cmd_xbar_demux_001                                   ; --         ;
; IP_TOOL_ENV                         ; Qsys                                                          ; --            ; nios_system_cmd_xbar_demux_002                                   ; --         ;
; IP_TOOL_ENV                         ; Qsys                                                          ; --            ; nios_system_cmd_xbar_mux                                         ; --         ;
; IP_TOOL_ENV                         ; Qsys                                                          ; --            ; nios_system_cmd_xbar_mux_001                                     ; --         ;
; IP_TOOL_ENV                         ; Qsys                                                          ; --            ; nios_system_generic_tristate_controller_0                        ; --         ;
; IP_TOOL_ENV                         ; Qsys                                                          ; --            ; nios_system_gleds                                                ; --         ;
; IP_TOOL_ENV                         ; Qsys                                                          ; --            ; nios_system_id_router                                            ; --         ;
; IP_TOOL_ENV                         ; Qsys                                                          ; --            ; nios_system_id_router_001                                        ; --         ;
; IP_TOOL_ENV                         ; Qsys                                                          ; --            ; nios_system_id_router_003                                        ; --         ;
; IP_TOOL_ENV                         ; Qsys                                                          ; --            ; nios_system_id_router_004                                        ; --         ;
; IP_TOOL_ENV                         ; Qsys                                                          ; --            ; nios_system_irq_mapper                                           ; --         ;
; IP_TOOL_ENV                         ; Qsys                                                          ; --            ; nios_system_jtag_uart_0                                          ; --         ;
; IP_TOOL_ENV                         ; Qsys                                                          ; --            ; nios_system_new_sdram_controller_0                               ; --         ;
; IP_TOOL_ENV                         ; Qsys                                                          ; --            ; nios_system_nios2_qsys_0                                         ; --         ;
; IP_TOOL_ENV                         ; Qsys                                                          ; --            ; nios_system_nios2_qsys_0_custom_instruction_master_comb_xconnect ; --         ;
; IP_TOOL_ENV                         ; Qsys                                                          ; --            ; nios_system_performance_counter_0                                ; --         ;
; IP_TOOL_ENV                         ; Qsys                                                          ; --            ; nios_system_rleds                                                ; --         ;
; IP_TOOL_ENV                         ; Qsys                                                          ; --            ; nios_system_rsp_xbar_demux                                       ; --         ;
; IP_TOOL_ENV                         ; Qsys                                                          ; --            ; nios_system_rsp_xbar_demux_001                                   ; --         ;
; IP_TOOL_ENV                         ; Qsys                                                          ; --            ; nios_system_rsp_xbar_demux_003                                   ; --         ;
; IP_TOOL_ENV                         ; Qsys                                                          ; --            ; nios_system_rsp_xbar_demux_004                                   ; --         ;
; IP_TOOL_ENV                         ; Qsys                                                          ; --            ; nios_system_rsp_xbar_mux                                         ; --         ;
; IP_TOOL_ENV                         ; Qsys                                                          ; --            ; nios_system_rsp_xbar_mux_001                                     ; --         ;
; IP_TOOL_ENV                         ; Qsys                                                          ; --            ; nios_system_switches                                             ; --         ;
; IP_TOOL_ENV                         ; Qsys                                                          ; --            ; nios_system_sysid_qsys_0                                         ; --         ;
; IP_TOOL_ENV                         ; Qsys                                                          ; --            ; nios_system_timer_0                                              ; --         ;
; IP_TOOL_ENV                         ; Qsys                                                          ; --            ; nios_system_tristate_conduit_bridge_0                            ; --         ;
; IP_TOOL_NAME                        ; ALTPLL                                                        ; --            ; --                                                               ; --         ;
; IP_TOOL_NAME                        ; altera_avalon_sc_fifo                                         ; --            ; altera_avalon_sc_fifo                                            ; --         ;
; IP_TOOL_NAME                        ; altera_avalon_st_handshake_clock_crosser                      ; --            ; altera_avalon_st_handshake_clock_crosser                         ; --         ;
; IP_TOOL_NAME                        ; altera_customins_master_translator                            ; --            ; altera_customins_master_translator                               ; --         ;
; IP_TOOL_NAME                        ; altera_customins_slave_translator                             ; --            ; altera_customins_slave_translator                                ; --         ;
; IP_TOOL_NAME                        ; altera_merlin_burst_adapter                                   ; --            ; altera_merlin_burst_adapter                                      ; --         ;
; IP_TOOL_NAME                        ; altera_merlin_master_agent                                    ; --            ; altera_merlin_master_agent                                       ; --         ;
; IP_TOOL_NAME                        ; altera_merlin_master_translator                               ; --            ; altera_merlin_master_translator                                  ; --         ;
; IP_TOOL_NAME                        ; altera_merlin_slave_agent                                     ; --            ; altera_merlin_slave_agent                                        ; --         ;
; IP_TOOL_NAME                        ; altera_merlin_slave_translator                                ; --            ; altera_merlin_slave_translator                                   ; --         ;
; IP_TOOL_NAME                        ; altera_merlin_traffic_limiter                                 ; --            ; altera_merlin_traffic_limiter                                    ; --         ;
; IP_TOOL_NAME                        ; altera_merlin_width_adapter                                   ; --            ; altera_merlin_width_adapter                                      ; --         ;
; IP_TOOL_NAME                        ; altera_reset_controller                                       ; --            ; altera_reset_controller                                          ; --         ;
; IP_TOOL_NAME                        ; altera_tristate_controller_aggregator                         ; --            ; altera_tristate_controller_aggregator                            ; --         ;
; IP_TOOL_NAME                        ; altera_tristate_controller_translator                         ; --            ; altera_tristate_controller_translator                            ; --         ;
; IP_TOOL_NAME                        ; Qsys                                                          ; --            ; nios_system                                                      ; --         ;
; IP_TOOL_NAME                        ; altera_merlin_router                                          ; --            ; nios_system_addr_router                                          ; --         ;
; IP_TOOL_NAME                        ; altera_merlin_router                                          ; --            ; nios_system_addr_router_001                                      ; --         ;
; IP_TOOL_NAME                        ; altera_merlin_router                                          ; --            ; nios_system_addr_router_002                                      ; --         ;
; IP_TOOL_NAME                        ; altera_merlin_demultiplexer                                   ; --            ; nios_system_cmd_xbar_demux                                       ; --         ;
; IP_TOOL_NAME                        ; altera_merlin_demultiplexer                                   ; --            ; nios_system_cmd_xbar_demux_001                                   ; --         ;
; IP_TOOL_NAME                        ; altera_merlin_demultiplexer                                   ; --            ; nios_system_cmd_xbar_demux_002                                   ; --         ;
; IP_TOOL_NAME                        ; altera_merlin_multiplexer                                     ; --            ; nios_system_cmd_xbar_mux                                         ; --         ;
; IP_TOOL_NAME                        ; altera_merlin_multiplexer                                     ; --            ; nios_system_cmd_xbar_mux_001                                     ; --         ;
; IP_TOOL_NAME                        ; altera_generic_tristate_controller                            ; --            ; nios_system_generic_tristate_controller_0                        ; --         ;
; IP_TOOL_NAME                        ; altera_avalon_pio                                             ; --            ; nios_system_gleds                                                ; --         ;
; IP_TOOL_NAME                        ; altera_merlin_router                                          ; --            ; nios_system_id_router                                            ; --         ;
; IP_TOOL_NAME                        ; altera_merlin_router                                          ; --            ; nios_system_id_router_001                                        ; --         ;
; IP_TOOL_NAME                        ; altera_merlin_router                                          ; --            ; nios_system_id_router_003                                        ; --         ;
; IP_TOOL_NAME                        ; altera_merlin_router                                          ; --            ; nios_system_id_router_004                                        ; --         ;
; IP_TOOL_NAME                        ; altera_irq_mapper                                             ; --            ; nios_system_irq_mapper                                           ; --         ;
; IP_TOOL_NAME                        ; altera_avalon_jtag_uart                                       ; --            ; nios_system_jtag_uart_0                                          ; --         ;
; IP_TOOL_NAME                        ; altera_avalon_new_sdram_controller                            ; --            ; nios_system_new_sdram_controller_0                               ; --         ;
; IP_TOOL_NAME                        ; altera_nios2_qsys                                             ; --            ; nios_system_nios2_qsys_0                                         ; --         ;
; IP_TOOL_NAME                        ; altera_customins_xconnect                                     ; --            ; nios_system_nios2_qsys_0_custom_instruction_master_comb_xconnect ; --         ;
; IP_TOOL_NAME                        ; altera_avalon_performance_counter                             ; --            ; nios_system_performance_counter_0                                ; --         ;
; IP_TOOL_NAME                        ; altera_avalon_pio                                             ; --            ; nios_system_rleds                                                ; --         ;
; IP_TOOL_NAME                        ; altera_merlin_demultiplexer                                   ; --            ; nios_system_rsp_xbar_demux                                       ; --         ;
; IP_TOOL_NAME                        ; altera_merlin_demultiplexer                                   ; --            ; nios_system_rsp_xbar_demux_001                                   ; --         ;
; IP_TOOL_NAME                        ; altera_merlin_demultiplexer                                   ; --            ; nios_system_rsp_xbar_demux_003                                   ; --         ;
; IP_TOOL_NAME                        ; altera_merlin_demultiplexer                                   ; --            ; nios_system_rsp_xbar_demux_004                                   ; --         ;
; IP_TOOL_NAME                        ; altera_merlin_multiplexer                                     ; --            ; nios_system_rsp_xbar_mux                                         ; --         ;
; IP_TOOL_NAME                        ; altera_merlin_multiplexer                                     ; --            ; nios_system_rsp_xbar_mux_001                                     ; --         ;
; IP_TOOL_NAME                        ; altera_avalon_pio                                             ; --            ; nios_system_switches                                             ; --         ;
; IP_TOOL_NAME                        ; altera_avalon_sysid_qsys                                      ; --            ; nios_system_sysid_qsys_0                                         ; --         ;
; IP_TOOL_NAME                        ; altera_avalon_timer                                           ; --            ; nios_system_timer_0                                              ; --         ;
; IP_TOOL_NAME                        ; altera_tristate_conduit_bridge                                ; --            ; nios_system_tristate_conduit_bridge_0                            ; --         ;
; IP_TOOL_VERSION                     ; 13.0                                                          ; --            ; --                                                               ; --         ;
; IP_TOOL_VERSION                     ; 13.0                                                          ; --            ; altera_avalon_sc_fifo                                            ; --         ;
; IP_TOOL_VERSION                     ; 13.0                                                          ; --            ; altera_avalon_st_handshake_clock_crosser                         ; --         ;
; IP_TOOL_VERSION                     ; 13.0                                                          ; --            ; altera_customins_master_translator                               ; --         ;
; IP_TOOL_VERSION                     ; 13.0                                                          ; --            ; altera_customins_slave_translator                                ; --         ;
; IP_TOOL_VERSION                     ; 13.0                                                          ; --            ; altera_merlin_burst_adapter                                      ; --         ;
; IP_TOOL_VERSION                     ; 13.0                                                          ; --            ; altera_merlin_master_agent                                       ; --         ;
; IP_TOOL_VERSION                     ; 13.0                                                          ; --            ; altera_merlin_master_translator                                  ; --         ;
; IP_TOOL_VERSION                     ; 13.0                                                          ; --            ; altera_merlin_slave_agent                                        ; --         ;
; IP_TOOL_VERSION                     ; 13.0                                                          ; --            ; altera_merlin_slave_translator                                   ; --         ;
; IP_TOOL_VERSION                     ; 13.0                                                          ; --            ; altera_merlin_traffic_limiter                                    ; --         ;
; IP_TOOL_VERSION                     ; 13.0                                                          ; --            ; altera_merlin_width_adapter                                      ; --         ;
; IP_TOOL_VERSION                     ; 13.0                                                          ; --            ; altera_reset_controller                                          ; --         ;
; IP_TOOL_VERSION                     ; 13.0                                                          ; --            ; altera_tristate_controller_aggregator                            ; --         ;
; IP_TOOL_VERSION                     ; 13.0                                                          ; --            ; altera_tristate_controller_translator                            ; --         ;
; IP_TOOL_VERSION                     ; 13.0sp1                                                       ; --            ; nios_system                                                      ; --         ;
; IP_TOOL_VERSION                     ; 13.0                                                          ; --            ; nios_system_addr_router                                          ; --         ;
; IP_TOOL_VERSION                     ; 13.0                                                          ; --            ; nios_system_addr_router_001                                      ; --         ;
; IP_TOOL_VERSION                     ; 13.0                                                          ; --            ; nios_system_addr_router_002                                      ; --         ;
; IP_TOOL_VERSION                     ; 13.0                                                          ; --            ; nios_system_cmd_xbar_demux                                       ; --         ;
; IP_TOOL_VERSION                     ; 13.0                                                          ; --            ; nios_system_cmd_xbar_demux_001                                   ; --         ;
; IP_TOOL_VERSION                     ; 13.0                                                          ; --            ; nios_system_cmd_xbar_demux_002                                   ; --         ;
; IP_TOOL_VERSION                     ; 13.0                                                          ; --            ; nios_system_cmd_xbar_mux                                         ; --         ;
; IP_TOOL_VERSION                     ; 13.0                                                          ; --            ; nios_system_cmd_xbar_mux_001                                     ; --         ;
; IP_TOOL_VERSION                     ; 13.0                                                          ; --            ; nios_system_generic_tristate_controller_0                        ; --         ;
; IP_TOOL_VERSION                     ; 13.0.1.99.2                                                   ; --            ; nios_system_gleds                                                ; --         ;
; IP_TOOL_VERSION                     ; 13.0                                                          ; --            ; nios_system_id_router                                            ; --         ;
; IP_TOOL_VERSION                     ; 13.0                                                          ; --            ; nios_system_id_router_001                                        ; --         ;
; IP_TOOL_VERSION                     ; 13.0                                                          ; --            ; nios_system_id_router_003                                        ; --         ;
; IP_TOOL_VERSION                     ; 13.0                                                          ; --            ; nios_system_id_router_004                                        ; --         ;
; IP_TOOL_VERSION                     ; 13.0                                                          ; --            ; nios_system_irq_mapper                                           ; --         ;
; IP_TOOL_VERSION                     ; 13.0.1.99.2                                                   ; --            ; nios_system_jtag_uart_0                                          ; --         ;
; IP_TOOL_VERSION                     ; 13.0.1.99.2                                                   ; --            ; nios_system_new_sdram_controller_0                               ; --         ;
; IP_TOOL_VERSION                     ; 13.0                                                          ; --            ; nios_system_nios2_qsys_0                                         ; --         ;
; IP_TOOL_VERSION                     ; 13.0                                                          ; --            ; nios_system_nios2_qsys_0_custom_instruction_master_comb_xconnect ; --         ;
; IP_TOOL_VERSION                     ; 13.0.1.99.2                                                   ; --            ; nios_system_performance_counter_0                                ; --         ;
; IP_TOOL_VERSION                     ; 13.0.1.99.2                                                   ; --            ; nios_system_rleds                                                ; --         ;
; IP_TOOL_VERSION                     ; 13.0                                                          ; --            ; nios_system_rsp_xbar_demux                                       ; --         ;
; IP_TOOL_VERSION                     ; 13.0                                                          ; --            ; nios_system_rsp_xbar_demux_001                                   ; --         ;
; IP_TOOL_VERSION                     ; 13.0                                                          ; --            ; nios_system_rsp_xbar_demux_003                                   ; --         ;
; IP_TOOL_VERSION                     ; 13.0                                                          ; --            ; nios_system_rsp_xbar_demux_004                                   ; --         ;
; IP_TOOL_VERSION                     ; 13.0                                                          ; --            ; nios_system_rsp_xbar_mux                                         ; --         ;
; IP_TOOL_VERSION                     ; 13.0                                                          ; --            ; nios_system_rsp_xbar_mux_001                                     ; --         ;
; IP_TOOL_VERSION                     ; 13.0.1.99.2                                                   ; --            ; nios_system_switches                                             ; --         ;
; IP_TOOL_VERSION                     ; 13.0                                                          ; --            ; nios_system_sysid_qsys_0                                         ; --         ;
; IP_TOOL_VERSION                     ; 13.0.1.99.2                                                   ; --            ; nios_system_timer_0                                              ; --         ;
; IP_TOOL_VERSION                     ; 13.0                                                          ; --            ; nios_system_tristate_conduit_bridge_0                            ; --         ;
; MAX_CORE_JUNCTION_TEMP              ; 85                                                            ; --            ; --                                                               ; --         ;
; MIN_CORE_JUNCTION_TEMP              ; 0                                                             ; --            ; --                                                               ; --         ;
; MISC_FILE                           ; nios_system/synthesis/../../nios_system.cmp                   ; --            ; --                                                               ; --         ;
; MISC_FILE                           ; nios_system/synthesis/../../nios_system.qsys                  ; --            ; --                                                               ; --         ;
; MISC_FILE                           ; pll_bb.v                                                      ; --            ; --                                                               ; --         ;
; MISC_FILE                           ; pll.ppf                                                       ; --            ; --                                                               ; --         ;
; NOMINAL_CORE_SUPPLY_VOLTAGE         ; 1.2V                                                          ; --            ; --                                                               ; --         ;
; PARTITION_COLOR                     ; 16764057                                                      ; --            ; --                                                               ; Top        ;
; PARTITION_FITTER_PRESERVATION_LEVEL ; PLACEMENT_AND_ROUTING                                         ; --            ; --                                                               ; Top        ;
; PARTITION_NETLIST_TYPE              ; SOURCE                                                        ; --            ; --                                                               ; Top        ;
; POWER_BOARD_THERMAL_MODEL           ; None (CONSERVATIVE)                                           ; --            ; --                                                               ; --         ;
; POWER_PRESET_COOLING_SOLUTION       ; 23 MM HEAT SINK WITH 200 LFPM AIRFLOW                         ; --            ; --                                                               ; --         ;
; PROJECT_OUTPUT_DIRECTORY            ; output_files                                                  ; --            ; --                                                               ; --         ;
; SLD_INFO                            ; QSYS_NAME nios_system HAS_SOPCINFO 1 GENERATION_ID 1480895481 ; --            ; nios_system                                                      ; --         ;
; SOPCINFO_FILE                       ; nios_system/synthesis/../../nios_system.sopcinfo              ; --            ; --                                                               ; --         ;
; SYNTHESIS_ONLY_QIP                  ; On                                                            ; --            ; --                                                               ; --         ;
+-------------------------------------+---------------------------------------------------------------+---------------+------------------------------------------------------------------+------------+


+-------------------------------------------------------------------------------------------------------------------------------+
; Flow Elapsed Time                                                                                                             ;
+---------------------------+--------------+-------------------------+---------------------+------------------------------------+
; Module Name               ; Elapsed Time ; Average Processors Used ; Peak Virtual Memory ; Total CPU Time (on all processors) ;
+---------------------------+--------------+-------------------------+---------------------+------------------------------------+
; Analysis & Synthesis      ; 00:00:36     ; 1.0                     ; 558 MB              ; 00:00:29                           ;
; Fitter                    ; 00:00:37     ; 1.5                     ; 864 MB              ; 00:00:47                           ;
; Assembler                 ; 00:00:06     ; 1.0                     ; 370 MB              ; 00:00:05                           ;
; TimeQuest Timing Analyzer ; 00:00:07     ; 1.0                     ; 535 MB              ; 00:00:07                           ;
; Total                     ; 00:01:26     ; --                      ; --                  ; 00:01:28                           ;
+---------------------------+--------------+-------------------------+---------------------+------------------------------------+


+---------------------------------------------------------------------------------------------+
; Flow OS Summary                                                                             ;
+---------------------------+-------------------------+---------+------------+----------------+
; Module Name               ; Machine Hostname        ; OS Name ; OS Version ; Processor type ;
+---------------------------+-------------------------+---------+------------+----------------+
; Analysis & Synthesis      ; cparch06.ecn.purdue.edu ; Red Hat ; 6          ; x86_64         ;
; Fitter                    ; cparch06.ecn.purdue.edu ; Red Hat ; 6          ; x86_64         ;
; Assembler                 ; cparch06.ecn.purdue.edu ; Red Hat ; 6          ; x86_64         ;
; TimeQuest Timing Analyzer ; cparch06.ecn.purdue.edu ; Red Hat ; 6          ; x86_64         ;
+---------------------------+-------------------------+---------+------------+----------------+


------------
; Flow Log ;
------------
quartus_map --read_settings_files=on --write_settings_files=off demo -c demo
quartus_fit --read_settings_files=off --write_settings_files=off demo -c demo
quartus_asm --read_settings_files=off --write_settings_files=off demo -c demo
quartus_sta demo -c demo



